TN:
SF:app\layout.tsx
FN:171,RootLayout
FNF:1
FNH:0
FNDA:0,RootLayout
DA:3,0
DA:4,0
DA:5,0
DA:6,0
DA:7,0
DA:8,0
DA:9,0
DA:10,0
DA:11,0
DA:12,0
DA:14,0
DA:21,0
DA:28,0
DA:106,0
DA:119,0
DA:171,0
LF:16
LH:0
BRF:0
BRH:0
end_of_record
TN:
SF:app\page.tsx
FN:18,HomePage
FN:26,(anonymous_3)
FN:86,(anonymous_4)
FN:168,(anonymous_5)
FN:248,(anonymous_6)
FN:401,(anonymous_7)
FN:408,(anonymous_8)
FNF:7
FNH:7
FNDA:21,HomePage
FNDA:42,(anonymous_3)
FNDA:84,(anonymous_4)
FNDA:63,(anonymous_5)
FNDA:42,(anonymous_6)
FNDA:63,(anonymous_7)
FNDA:210,(anonymous_8)
DA:1,1
DA:2,1
DA:3,1
DA:4,1
DA:5,1
DA:6,1
DA:7,1
DA:8,1
DA:9,1
DA:10,1
DA:11,1
DA:12,1
DA:14,1
DA:15,1
DA:16,1
DA:18,21
DA:19,21
DA:20,21
DA:21,21
DA:22,21
DA:23,21
DA:26,21
DA:27,42
DA:28,42
DA:29,0
DA:30,0
DA:32,0
DA:87,84
DA:169,63
DA:249,42
DA:402,63
DA:409,210
LF:32
LH:29
BRDA:27,0,0,0
BRDA:28,1,0,42
BRDA:29,2,0,0
BRDA:260,3,0,42
BRDA:263,4,0,42
BRDA:266,5,0,42
BRF:6
BRH:4
end_of_record
TN:
SF:app\robots.ts
FN:3,robots
FNF:1
FNH:0
FNDA:0,robots
DA:3,0
DA:4,0
DA:6,0
LF:3
LH:0
BRF:0
BRH:0
end_of_record
TN:
SF:app\sitemap.ts
FN:5,sitemap
FN:57,(anonymous_2)
FN:67,(anonymous_3)
FN:79,(anonymous_4)
FNF:4
FNH:0
FNDA:0,sitemap
FNDA:0,(anonymous_2)
FNDA:0,(anonymous_3)
FNDA:0,(anonymous_4)
DA:2,0
DA:3,0
DA:5,0
DA:6,0
DA:7,0
DA:10,0
DA:11,0
DA:14,0
DA:54,0
DA:57,0
DA:58,0
DA:67,0
DA:68,0
DA:77,0
DA:79,0
DA:80,0
DA:88,0
LF:17
LH:0
BRDA:60,0,0,0
BRDA:60,0,1,0
BRDA:70,1,0,0
BRDA:70,1,1,0
BRDA:82,2,0,0
BRDA:82,2,1,0
BRF:6
BRH:0
end_of_record
TN:
SF:app\api\publications\route.ts
FN:5,GET
FN:32,(anonymous_4)
FN:34,(anonymous_5)
FN:35,(anonymous_6)
FN:42,(anonymous_7)
FN:49,(anonymous_8)
FN:56,(anonymous_9)
FN:59,(anonymous_10)
FN:62,(anonymous_11)
FN:65,(anonymous_12)
FN:73,(anonymous_13)
FN:76,(anonymous_14)
FN:79,(anonymous_15)
FN:82,(anonymous_16)
FN:85,(anonymous_17)
FN:91,(anonymous_18)
FN:138,(anonymous_19)
FN:138,(anonymous_20)
FN:158,POST
FNF:19
FNH:0
FNDA:0,GET
FNDA:0,(anonymous_4)
FNDA:0,(anonymous_5)
FNDA:0,(anonymous_6)
FNDA:0,(anonymous_7)
FNDA:0,(anonymous_8)
FNDA:0,(anonymous_9)
FNDA:0,(anonymous_10)
FNDA:0,(anonymous_11)
FNDA:0,(anonymous_12)
FNDA:0,(anonymous_13)
FNDA:0,(anonymous_14)
FNDA:0,(anonymous_15)
FNDA:0,(anonymous_16)
FNDA:0,(anonymous_17)
FNDA:0,(anonymous_18)
FNDA:0,(anonymous_19)
FNDA:0,(anonymous_20)
FNDA:0,POST
DA:1,0
DA:2,0
DA:5,0
DA:6,0
DA:7,0
DA:8,0
DA:11,0
DA:12,0
DA:13,0
DA:14,0
DA:15,0
DA:16,0
DA:19,0
DA:27,0
DA:30,0
DA:31,0
DA:32,0
DA:33,0
DA:34,0
DA:35,0
DA:41,0
DA:42,0
DA:43,0
DA:48,0
DA:49,0
DA:53,0
DA:54,0
DA:56,0
DA:57,0
DA:59,0
DA:60,0
DA:62,0
DA:63,0
DA:65,0
DA:66,0
DA:71,0
DA:73,0
DA:74,0
DA:76,0
DA:77,0
DA:79,0
DA:80,0
DA:82,0
DA:83,0
DA:85,0
DA:86,0
DA:90,0
DA:91,0
DA:92,0
DA:93,0
DA:105,0
DA:113,0
DA:115,0
DA:125,0
DA:138,0
DA:142,0
DA:150,0
DA:151,0
DA:158,0
DA:159,0
DA:161,0
DA:164,0
DA:166,0
DA:171,0
DA:172,0
LF:65
LH:0
BRDA:11,0,0,0
BRDA:11,0,1,0
BRDA:12,1,0,0
BRDA:12,1,1,0
BRDA:13,2,0,0
BRDA:13,2,1,0
BRDA:14,3,0,0
BRDA:14,3,1,0
BRDA:15,4,0,0
BRDA:15,4,1,0
BRDA:16,5,0,0
BRDA:16,5,1,0
BRDA:30,6,0,0
BRDA:33,7,0,0
BRDA:33,7,1,0
BRDA:33,7,2,0
BRDA:33,7,3,0
BRDA:41,8,0,0
BRDA:41,9,0,0
BRDA:41,9,1,0
BRDA:48,10,0,0
BRDA:48,11,0,0
BRDA:48,11,1,0
BRDA:53,12,0,0
BRDA:53,13,0,0
BRDA:53,13,1,0
BRDA:54,14,0,0
BRDA:54,14,1,0
BRDA:54,14,2,0
BRDA:54,14,3,0
BRDA:71,15,0,0
BRDA:71,15,1,0
BRDA:71,15,2,0
BRDA:71,15,3,0
BRDA:71,15,4,0
BRDA:90,16,0,0
BRDA:92,17,0,0
BRF:37
BRH:0
end_of_record
TN:
SF:app\api\research\route.ts
FN:55,GET
FN:66,(anonymous_4)
FN:71,(anonymous_5)
FN:77,(anonymous_6)
FN:80,(anonymous_7)
FN:99,POST
FNF:6
FNH:0
FNDA:0,GET
FNDA:0,(anonymous_4)
FNDA:0,(anonymous_5)
FNDA:0,(anonymous_6)
FNDA:0,(anonymous_7)
FNDA:0,POST
DA:1,0
DA:4,0
DA:55,0
DA:56,0
DA:57,0
DA:58,0
DA:59,0
DA:60,0
DA:62,0
DA:65,0
DA:66,0
DA:70,0
DA:71,0
DA:75,0
DA:76,0
DA:77,0
DA:78,0
DA:80,0
DA:84,0
DA:91,0
DA:92,0
DA:99,0
DA:100,0
DA:102,0
DA:105,0
DA:107,0
DA:112,0
DA:113,0
LF:28
LH:0
BRDA:65,0,0,0
BRDA:65,1,0,0
BRDA:65,1,1,0
BRDA:70,2,0,0
BRDA:70,3,0,0
BRDA:70,3,1,0
BRDA:75,4,0,0
BRDA:78,5,0,0
BRDA:78,5,1,0
BRDA:78,5,2,0
BRF:10
BRH:0
end_of_record
TN:
SF:app\contact\page.tsx
FN:21,ContactPage
FN:89,(anonymous_5)
FN:137,(anonymous_6)
FNF:3
FNH:3
FNDA:24,ContactPage
FNDA:96,(anonymous_5)
FNDA:96,(anonymous_6)
DA:2,1
DA:3,1
DA:4,1
DA:5,1
DA:6,1
DA:7,1
DA:8,1
DA:10,1
DA:16,1
DA:21,24
DA:22,24
DA:24,24
DA:31,24
DA:90,96
DA:91,96
DA:138,96
LF:16
LH:16
BRDA:142,0,0,48
BRDA:142,0,1,48
BRF:2
BRH:2
end_of_record
TN:
SF:app\cv\page.tsx
FN:210,CVPage
FN:289,(anonymous_2)
FN:325,(anonymous_3)
FN:350,(anonymous_4)
FN:382,(anonymous_5)
FN:411,(anonymous_6)
FN:449,(anonymous_7)
FN:488,(anonymous_8)
FN:488,(anonymous_9)
FN:512,(anonymous_10)
FN:512,(anonymous_11)
FNF:11
FNH:11
FNDA:26,CVPage
FNDA:78,(anonymous_2)
FNDA:208,(anonymous_3)
FNDA:78,(anonymous_4)
FNDA:338,(anonymous_5)
FNDA:52,(anonymous_6)
FNDA:104,(anonymous_7)
FNDA:130,(anonymous_8)
FNDA:78,(anonymous_9)
FNDA:130,(anonymous_10)
FNDA:52,(anonymous_11)
DA:3,1
DA:4,1
DA:5,1
DA:6,1
DA:7,1
DA:20,1
DA:21,1
DA:22,1
DA:63,1
DA:93,1
DA:140,1
DA:175,1
DA:210,26
DA:211,26
DA:212,26
DA:213,26
DA:214,26
DA:290,78
DA:326,208
DA:351,78
DA:383,338
DA:412,52
DA:450,104
DA:488,130
DA:489,78
DA:512,130
DA:513,52
LF:27
LH:27
BRDA:295,0,0,78
BRDA:311,1,0,78
BRDA:317,2,0,78
BRDA:323,3,0,78
BRDA:356,4,0,78
BRDA:361,5,0,78
BRDA:391,6,0,78
BRDA:460,7,0,104
BRDA:488,8,0,130
BRDA:488,8,1,78
BRDA:494,9,0,78
BRDA:512,10,0,130
BRDA:512,10,1,104
BRDA:518,11,0,52
BRF:14
BRH:14
end_of_record
TN:
SF:app\offline\layout.tsx
FN:9,OfflineLayout
FNF:1
FNH:0
FNDA:0,OfflineLayout
DA:3,0
DA:9,0
DA:14,0
LF:3
LH:0
BRF:0
BRH:0
end_of_record
TN:
SF:app\offline\page.tsx
FN:16,OfflinePage
FN:17,(anonymous_3)
FNF:2
FNH:0
FNDA:0,OfflinePage
FNDA:0,(anonymous_3)
DA:3,0
DA:4,0
DA:5,0
DA:6,0
DA:14,0
DA:16,0
DA:17,0
DA:18,0
LF:8
LH:0
BRF:0
BRH:0
end_of_record
TN:
SF:app\publications\page.tsx
FN:27,PublicationsPage
FN:51,(anonymous_4)
FN:55,(anonymous_5)
FN:77,(anonymous_6)
FN:81,(anonymous_7)
FNF:5
FNH:0
FNDA:0,PublicationsPage
FNDA:0,(anonymous_4)
FNDA:0,(anonymous_5)
FNDA:0,(anonymous_6)
FNDA:0,(anonymous_7)
DA:2,0
DA:3,0
DA:4,0
DA:7,0
DA:27,0
DA:28,0
DA:31,0
DA:51,0
DA:55,0
DA:72,0
DA:77,0
DA:81,0
DA:95,0
LF:13
LH:0
BRF:0
BRH:0
end_of_record
TN:
SF:app\publications\[id]\page.tsx
FN:24,generateStaticParams
FN:27,(anonymous_5)
FN:33,generateMetadata
FN:55,PublicationPage
FN:76,generateBibTeX
FN:134,(anonymous_9)
FNF:6
FNH:6
FNDA:1,generateStaticParams
FNDA:3,(anonymous_5)
FNDA:2,generateMetadata
FNDA:22,PublicationPage
FNDA:21,generateBibTeX
FNDA:63,(anonymous_9)
DA:2,1
DA:3,1
DA:4,1
DA:5,1
DA:9,1
DA:16,1
DA:17,1
DA:24,1
DA:25,1
DA:27,3
DA:33,2
DA:34,2
DA:35,2
DA:37,2
DA:38,1
DA:44,1
DA:55,22
DA:56,22
DA:57,22
DA:59,22
DA:60,1
DA:64,22
DA:65,21
DA:68,21
DA:69,21
DA:77,21
DA:78,15
DA:79,15
DA:91,6
DA:135,63
LF:30
LH:30
BRDA:37,0,0,1
BRDA:59,1,0,1
BRDA:77,2,0,15
BRDA:154,3,0,21
BRDA:175,4,0,21
BRDA:196,5,0,21
BRDA:217,6,0,21
BRF:7
BRH:7
end_of_record
TN:
SF:app\research\page.tsx
FN:29,ResearchPage
FN:42,(anonymous_2)
FN:43,(anonymous_3)
FN:48,(anonymous_4)
FN:56,(anonymous_5)
FN:100,(anonymous_6)
FN:104,(anonymous_7)
FN:109,(anonymous_8)
FN:142,(anonymous_9)
FN:144,(anonymous_10)
FN:145,(anonymous_11)
FN:146,(anonymous_12)
FN:150,(anonymous_13)
FN:195,(anonymous_14)
FN:241,(anonymous_15)
FN:259,(anonymous_16)
FN:277,(anonymous_17)
FNF:17
FNH:15
FNDA:29,ResearchPage
FNDA:1,(anonymous_2)
FNDA:1,(anonymous_3)
FNDA:29,(anonymous_4)
FNDA:87,(anonymous_5)
FNDA:0,(anonymous_6)
FNDA:1,(anonymous_7)
FNDA:0,(anonymous_8)
FNDA:29,(anonymous_9)
FNDA:84,(anonymous_10)
FNDA:84,(anonymous_11)
FNDA:84,(anonymous_12)
FNDA:1,(anonymous_13)
FNDA:116,(anonymous_14)
FNDA:28,(anonymous_15)
FNDA:28,(anonymous_16)
FNDA:28,(anonymous_17)
DA:3,1
DA:4,1
DA:5,1
DA:6,1
DA:7,1
DA:8,1
DA:14,1
DA:15,1
DA:16,1
DA:17,1
DA:18,1
DA:19,1
DA:29,28
DA:30,29
DA:31,29
DA:33,29
DA:42,29
DA:43,1
DA:44,1
DA:48,29
DA:50,29
DA:56,29
DA:58,87
DA:59,2
DA:63,85
DA:64,1
DA:65,1
DA:66,0
DA:71,85
DA:72,1
DA:73,1
DA:75,1
DA:76,0
DA:78,1
DA:80,0
DA:81,0
DA:83,0
DA:85,0
DA:86,0
DA:88,0
DA:93,85
DA:94,1
DA:95,1
DA:97,0
DA:98,0
DA:100,0
DA:101,0
DA:102,0
DA:104,1
DA:105,1
DA:106,1
DA:109,0
DA:110,0
DA:114,0
DA:115,0
DA:120,85
DA:121,1
DA:122,1
DA:124,1
DA:126,1
DA:127,0
DA:129,0
DA:130,0
DA:132,0
DA:133,0
DA:137,84
DA:142,29
DA:143,29
DA:144,84
DA:145,84
DA:146,84
DA:150,29
DA:151,1
DA:196,116
DA:242,28
DA:260,28
DA:278,28
LF:77
LH:55
BRDA:44,0,0,1
BRDA:44,0,1,0
BRDA:58,1,0,2
BRDA:58,2,0,87
BRDA:58,2,1,3
BRDA:63,3,0,1
BRDA:65,4,0,0
BRDA:71,5,0,1
BRDA:73,6,0,1
BRDA:73,6,1,0
BRDA:73,6,2,0
BRDA:75,7,0,0
BRDA:75,8,0,1
BRDA:75,8,1,0
BRDA:75,8,2,0
BRDA:80,9,0,0
BRDA:80,10,0,0
BRDA:80,10,1,0
BRDA:80,10,2,0
BRDA:85,11,0,0
BRDA:93,12,0,1
BRDA:95,13,0,0
BRDA:95,13,1,0
BRDA:95,13,2,1
BRDA:95,13,3,0
BRDA:97,14,0,0
BRDA:100,15,0,0
BRDA:100,16,0,0
BRDA:100,16,1,0
BRDA:104,17,0,0
BRDA:104,18,0,1
BRDA:104,18,1,1
BRDA:110,19,0,0
BRDA:110,19,1,0
BRDA:110,19,2,0
BRDA:114,20,0,0
BRDA:120,21,0,1
BRDA:124,22,0,1
BRDA:124,22,1,0
BRDA:124,22,2,0
BRDA:126,23,0,1
BRDA:129,24,0,0
BRDA:132,25,0,0
BRDA:201,26,0,58
BRDA:201,26,1,58
BRDA:240,27,0,28
BRDA:258,28,0,28
BRDA:276,29,0,28
BRF:48
BRH:20
end_of_record
TN:
SF:app\research\[id]\page.tsx
FN:183,ResearchProjectDetail
FN:187,(anonymous_3)
FN:188,(anonymous_4)
FN:197,(anonymous_5)
FN:315,(anonymous_6)
FN:499,(anonymous_7)
FN:511,(anonymous_8)
FN:539,(anonymous_9)
FN:571,(anonymous_10)
FNF:9
FNH:9
FNDA:44,ResearchProjectDetail
FNDA:23,(anonymous_3)
FNDA:23,(anonymous_4)
FNDA:4,(anonymous_5)
FNDA:4,(anonymous_6)
FNDA:3,(anonymous_7)
FNDA:9,(anonymous_8)
FNDA:3,(anonymous_9)
FNDA:2,(anonymous_10)
DA:3,1
DA:4,1
DA:5,1
DA:6,1
DA:7,1
DA:8,1
DA:9,1
DA:21,1
DA:22,1
DA:23,1
DA:24,1
DA:64,1
DA:118,1
DA:146,1
DA:183,23
DA:184,44
DA:185,44
DA:187,44
DA:188,23
DA:189,23
DA:190,23
DA:191,23
DA:192,2
DA:197,4
DA:199,2
DA:200,1
DA:201,1
DA:204,1
DA:212,21
DA:213,21
DA:215,23
DA:219,23
DA:222,44
DA:233,21
DA:234,20
DA:237,1
DA:238,1
DA:316,4
DA:500,3
DA:512,9
DA:540,3
DA:572,2
LF:42
LH:42
BRDA:199,0,0,1
BRDA:207,1,0,1
BRDA:207,1,1,0
BRDA:208,2,0,1
BRDA:208,2,1,0
BRDA:209,3,0,1
BRDA:209,3,1,0
BRDA:222,4,0,23
BRDA:233,5,0,20
BRDA:238,6,0,1
BRDA:238,6,1,0
BRDA:239,7,0,0
BRDA:239,7,1,0
BRDA:270,8,0,1
BRDA:270,8,1,0
BRDA:271,9,0,0
BRDA:271,9,1,0
BRDA:299,10,0,1
BRDA:545,11,0,1
BRDA:545,11,1,2
BRDA:555,12,0,3
BRDA:567,13,0,1
BRF:22
BRH:13
end_of_record
TN:
SF:app\teaching\page.tsx
FN:202,TeachingPage
FN:238,(anonymous_2)
FN:249,(anonymous_3)
FN:272,(anonymous_4)
FN:355,(anonymous_5)
FN:397,(anonymous_6)
FN:401,(anonymous_7)
FNF:7
FNH:7
FNDA:37,TeachingPage
FNDA:148,(anonymous_2)
FNDA:185,(anonymous_3)
FNDA:148,(anonymous_4)
FNDA:111,(anonymous_5)
FNDA:111,(anonymous_6)
FNDA:555,(anonymous_7)
DA:3,1
DA:4,1
DA:5,1
DA:6,1
DA:18,1
DA:47,1
DA:121,1
DA:150,1
DA:174,1
DA:202,37
DA:239,148
DA:250,185
DA:273,148
DA:356,111
DA:398,111
DA:402,555
LF:16
LH:16
BRDA:279,0,0,37
BRDA:279,0,1,111
BRDA:280,1,0,37
BRDA:280,1,1,111
BRDA:313,2,0,148
BRDA:321,3,0,148
BRF:6
BRH:6
end_of_record
TN:
SF:components\academic-contact-form.tsx
FN:54,(anonymous_4)
FN:115,AcademicContactForm
FN:141,(anonymous_6)
FN:146,(anonymous_7)
FN:164,(anonymous_8)
FN:172,(anonymous_9)
FN:183,(anonymous_10)
FN:191,(anonymous_11)
FN:192,(anonymous_12)
FN:209,(anonymous_13)
FN:260,(anonymous_14)
FN:353,(anonymous_15)
FN:378,(anonymous_16)
FN:383,(anonymous_17)
FN:430,(anonymous_18)
FN:436,(anonymous_19)
FN:456,(anonymous_20)
FN:475,(anonymous_21)
FN:481,(anonymous_22)
FN:532,(anonymous_23)
FN:566,(anonymous_24)
FNF:21
FNH:0
FNDA:0,(anonymous_4)
FNDA:0,AcademicContactForm
FNDA:0,(anonymous_6)
FNDA:0,(anonymous_7)
FNDA:0,(anonymous_8)
FNDA:0,(anonymous_9)
FNDA:0,(anonymous_10)
FNDA:0,(anonymous_11)
FNDA:0,(anonymous_12)
FNDA:0,(anonymous_13)
FNDA:0,(anonymous_14)
FNDA:0,(anonymous_15)
FNDA:0,(anonymous_16)
FNDA:0,(anonymous_17)
FNDA:0,(anonymous_18)
FNDA:0,(anonymous_19)
FNDA:0,(anonymous_20)
FNDA:0,(anonymous_21)
FNDA:0,(anonymous_22)
FNDA:0,(anonymous_23)
FNDA:0,(anonymous_24)
DA:3,0
DA:5,0
DA:6,0
DA:7,0
DA:8,0
DA:9,0
DA:10,0
DA:11,0
DA:12,0
DA:13,0
DA:14,0
DA:15,0
DA:16,0
DA:30,0
DA:33,0
DA:54,0
DA:59,0
DA:104,0
DA:115,0
DA:116,0
DA:117,0
DA:118,0
DA:127,0
DA:138,0
DA:139,0
DA:141,0
DA:142,0
DA:144,0
DA:146,0
DA:149,0
DA:150,0
DA:156,0
DA:157,0
DA:159,0
DA:160,0
DA:164,0
DA:168,0
DA:169,0
DA:172,0
DA:173,0
DA:174,0
DA:178,0
DA:179,0
DA:183,0
DA:184,0
DA:187,0
DA:191,0
DA:192,0
DA:210,0
DA:260,0
DA:353,0
DA:378,0
DA:384,0
DA:385,0
DA:430,0
DA:437,0
DA:456,0
DA:475,0
DA:481,0
DA:532,0
DA:566,0
LF:61
LH:0
BRDA:149,0,0,0
BRDA:149,0,1,0
BRDA:213,1,0,0
BRDA:213,1,1,0
BRDA:223,2,0,0
BRDA:223,2,1,0
BRDA:244,3,0,0
BRDA:244,3,1,0
BRDA:268,4,0,0
BRDA:268,4,1,0
BRDA:278,5,0,0
BRDA:298,6,0,0
BRDA:298,6,1,0
BRDA:300,7,0,0
BRDA:315,8,0,0
BRDA:315,8,1,0
BRDA:317,9,0,0
BRDA:363,10,0,0
BRDA:379,11,0,0
BRDA:379,11,1,0
BRDA:401,12,0,0
BRDA:406,13,0,0
BRDA:491,14,0,0
BRDA:507,15,0,0
BRDA:507,15,1,0
BRDA:509,16,0,0
BRDA:521,17,0,0
BRDA:521,17,1,0
BRDA:523,18,0,0
BRDA:557,19,0,0
BRDA:572,20,0,0
BRDA:572,20,1,0
BRDA:576,21,0,0
BRF:33
BRH:0
end_of_record
TN:
SF:components\advanced-animations.tsx
FN:144,PageTransition
FN:167,ScrollReveal
FN:198,AcademicCard
FN:230,StaggeredList
FN:247,(anonymous_18)
FN:266,AcademicProgress
FN:289,(anonymous_20)
FN:307,FloatingBadge
FN:332,AcademicAchievement
FN:354,ParallaxScroll
FN:380,LoadingSkeleton
FN:383,(anonymous_25)
FN:411,Typewriter
FN:415,(anonymous_27)
FN:417,(anonymous_28)
FN:418,(anonymous_29)
FN:419,(anonymous_30)
FN:422,(anonymous_31)
FN:453,HoverCard
FN:459,(anonymous_33)
FN:460,(anonymous_34)
FN:487,PulseEffect
FNF:22
FNH:0
FNDA:0,PageTransition
FNDA:0,ScrollReveal
FNDA:0,AcademicCard
FNDA:0,StaggeredList
FNDA:0,(anonymous_18)
FNDA:0,AcademicProgress
FNDA:0,(anonymous_20)
FNDA:0,FloatingBadge
FNDA:0,AcademicAchievement
FNDA:0,ParallaxScroll
FNDA:0,LoadingSkeleton
FNDA:0,(anonymous_25)
FNDA:0,Typewriter
FNDA:0,(anonymous_27)
FNDA:0,(anonymous_28)
FNDA:0,(anonymous_29)
FNDA:0,(anonymous_30)
FNDA:0,(anonymous_31)
FNDA:0,HoverCard
FNDA:0,(anonymous_33)
FNDA:0,(anonymous_34)
FNDA:0,PulseEffect
DA:3,0
DA:4,0
DA:7,0
DA:144,0
DA:167,0
DA:174,0
DA:175,0
DA:198,0
DA:199,0
DA:208,0
DA:230,0
DA:231,0
DA:248,0
DA:266,0
DA:267,0
DA:289,0
DA:307,0
DA:332,0
DA:354,0
DA:355,0
DA:356,0
DA:361,0
DA:380,0
DA:384,0
DA:411,0
DA:412,0
DA:413,0
DA:415,0
DA:416,0
DA:417,0
DA:418,0
DA:419,0
DA:422,0
DA:423,0
DA:424,0
DA:453,0
DA:454,0
DA:459,0
DA:460,0
DA:487,0
LF:40
LH:0
BRDA:144,0,0,0
BRDA:169,1,0,0
BRDA:170,2,0,0
BRDA:171,3,0,0
BRDA:172,4,0,0
BRDA:183,5,0,0
BRDA:183,5,1,0
BRDA:198,6,0,0
BRDA:208,7,0,0
BRDA:230,8,0,0
BRDA:230,9,0,0
BRDA:266,10,0,0
BRDA:275,11,0,0
BRDA:307,12,0,0
BRDA:307,13,0,0
BRDA:332,14,0,0
BRDA:332,15,0,0
BRDA:354,16,0,0
BRDA:354,17,0,0
BRDA:380,18,0,0
BRDA:380,19,0,0
BRDA:395,20,0,0
BRDA:395,20,1,0
BRDA:411,21,0,0
BRDA:411,22,0,0
BRDA:416,23,0,0
BRDA:416,23,1,0
BRDA:423,24,0,0
BRDA:453,25,0,0
BRDA:464,26,0,0
BRDA:487,27,0,0
BRDA:487,28,0,0
BRF:32
BRH:0
end_of_record
TN:
SF:components\analytics-wrapper.tsx
FN:8,GoogleAnalytics
FN:43,PageTracker
FN:47,(anonymous_6)
FN:52,(anonymous_7)
FN:62,AnalyticsWrapper
FNF:5
FNH:0
FNDA:0,GoogleAnalytics
FNDA:0,PageTracker
FNDA:0,(anonymous_6)
FNDA:0,(anonymous_7)
FNDA:0,AnalyticsWrapper
DA:3,0
DA:4,0
DA:5,0
DA:8,0
DA:9,0
DA:11,0
DA:12,0
DA:43,0
DA:44,0
DA:45,0
DA:47,0
DA:49,0
DA:52,0
DA:54,0
DA:55,0
DA:58,0
DA:62,0
DA:63,0
DA:64,0
LF:19
LH:0
BRDA:11,0,0,0
BRDA:54,1,0,0
BRDA:54,1,1,0
BRDA:68,2,0,0
BRDA:68,2,1,0
BRF:5
BRH:0
end_of_record
TN:
SF:components\animated-section.tsx
FN:21,AnimatedSection
FN:44,(anonymous_2)
FN:49,(anonymous_3)
FN:63,(anonymous_4)
FNF:4
FNH:0
FNDA:0,AnimatedSection
FNDA:0,(anonymous_2)
FNDA:0,(anonymous_3)
FNDA:0,(anonymous_4)
DA:4,0
DA:5,0
DA:6,0
DA:21,0
DA:31,0
DA:37,0
DA:38,0
DA:41,0
DA:44,0
DA:45,0
DA:49,0
DA:50,0
DA:51,0
DA:54,0
DA:63,0
DA:64,0
DA:65,0
DA:67,0
DA:69,0
DA:71,0
DA:73,0
DA:75,0
DA:77,0
DA:79,0
DA:82,0
LF:25
LH:0
BRDA:23,0,0,0
BRDA:24,1,0,0
BRDA:26,2,0,0
BRDA:27,3,0,0
BRDA:29,4,0,0
BRDA:38,5,0,0
BRDA:38,5,1,0
BRDA:50,6,0,0
BRDA:57,7,0,0
BRDA:57,7,1,0
BRDA:58,8,0,0
BRDA:58,8,1,0
BRDA:59,9,0,0
BRDA:59,9,1,0
BRDA:64,10,0,0
BRDA:65,11,0,0
BRDA:65,11,1,0
BRDA:65,11,2,0
BRDA:65,11,3,0
BRDA:65,11,4,0
BRDA:65,11,5,0
BRDA:65,11,6,0
BRF:22
BRH:0
end_of_record
TN:
SF:components\animation-settings-panel.tsx
FN:18,AnimationSettingsPanel
FN:22,(anonymous_2)
FN:81,(anonymous_3)
FN:91,(anonymous_4)
FN:101,(anonymous_5)
FN:122,(anonymous_6)
FN:139,(anonymous_7)
FN:156,(anonymous_8)
FN:167,(anonymous_9)
FN:173,(anonymous_10)
FN:185,(anonymous_11)
FN:204,AnimationPreviewCard
FN:207,(anonymous_13)
FN:208,(anonymous_14)
FN:229,(anonymous_15)
FNF:15
FNH:0
FNDA:0,AnimationSettingsPanel
FNDA:0,(anonymous_2)
FNDA:0,(anonymous_3)
FNDA:0,(anonymous_4)
FNDA:0,(anonymous_5)
FNDA:0,(anonymous_6)
FNDA:0,(anonymous_7)
FNDA:0,(anonymous_8)
FNDA:0,(anonymous_9)
FNDA:0,(anonymous_10)
FNDA:0,(anonymous_11)
FNDA:0,AnimationPreviewCard
FNDA:0,(anonymous_13)
FNDA:0,(anonymous_14)
FNDA:0,(anonymous_15)
DA:5,0
DA:6,0
DA:7,0
DA:8,0
DA:9,0
DA:10,0
DA:11,0
DA:12,0
DA:13,0
DA:14,0
DA:18,0
DA:19,0
DA:20,0
DA:22,0
DA:23,0
DA:26,0
DA:34,0
DA:81,0
DA:92,0
DA:101,0
DA:122,0
DA:139,0
DA:156,0
DA:167,0
DA:174,0
DA:186,0
DA:205,0
DA:207,0
DA:208,0
DA:229,0
LF:30
LH:0
BRDA:53,0,0,0
BRDA:86,1,0,0
BRDA:94,2,0,0
BRDA:94,2,1,0
BRDA:97,3,0,0
BRDA:97,3,1,0
BRF:6
BRH:0
end_of_record
TN:
SF:components\contact-form.tsx
FN:23,ContactForm
FN:38,onSubmit
FN:40,(anonymous_6)
FN:56,(anonymous_7)
FNF:4
FNH:0
FNDA:0,ContactForm
FNDA:0,onSubmit
FNDA:0,(anonymous_6)
FNDA:0,(anonymous_7)
DA:3,0
DA:4,0
DA:5,0
DA:6,0
DA:7,0
DA:8,0
DA:9,0
DA:10,0
DA:11,0
DA:14,0
DA:23,0
DA:24,0
DA:27,0
DA:40,0
DA:41,0
DA:42,0
DA:46,0
DA:56,0
LF:18
LH:0
BRDA:46,0,0,0
BRDA:147,1,0,0
BRF:2
BRH:0
end_of_record
TN:
SF:components\contact-section.tsx
FN:7,ContactSection
FNF:1
FNH:0
FNDA:0,ContactSection
DA:1,0
DA:2,0
DA:3,0
DA:4,0
DA:5,0
DA:7,0
DA:8,0
LF:7
LH:0
BRF:0
BRH:0
end_of_record
TN:
SF:components\credentials-section.tsx
FN:6,CredentialsSection
FN:26,(anonymous_2)
FN:51,(anonymous_3)
FN:77,(anonymous_4)
FN:106,(anonymous_5)
FNF:5
FNH:0
FNDA:0,CredentialsSection
FNDA:0,(anonymous_2)
FNDA:0,(anonymous_3)
FNDA:0,(anonymous_4)
FNDA:0,(anonymous_5)
DA:1,0
DA:2,0
DA:3,0
DA:4,0
DA:6,0
DA:7,0
DA:27,0
DA:52,0
DA:78,0
DA:107,0
LF:10
LH:0
BRDA:69,0,0,0
BRDA:69,0,1,0
BRF:2
BRH:0
end_of_record
TN:
SF:components\dynamic-imports.tsx
FN:8,(anonymous_16)
FN:8,(anonymous_17)
FN:8,(anonymous_18)
FN:20,(anonymous_21)
FN:20,(anonymous_22)
FN:20,(anonymous_23)
FN:28,(anonymous_26)
FN:28,(anonymous_27)
FN:28,(anonymous_28)
FN:36,(anonymous_31)
FN:36,(anonymous_32)
FN:36,(anonymous_33)
FN:40,(anonymous_36)
FN:50,(anonymous_37)
FN:50,(anonymous_38)
FN:50,(anonymous_39)
FN:54,(anonymous_42)
FN:64,(anonymous_43)
FN:64,(anonymous_44)
FN:64,(anonymous_45)
FN:70,(anonymous_48)
FN:81,(anonymous_49)
FN:81,(anonymous_50)
FN:81,(anonymous_51)
FN:85,(anonymous_54)
FN:95,(anonymous_55)
FN:95,(anonymous_56)
FN:95,(anonymous_57)
FN:107,withConditionalLoad
FN:120,trackComponentLoad
FN:123,(anonymous_63)
FN:133,getComponentLoadTimes
FNF:32
FNH:0
FNDA:0,(anonymous_16)
FNDA:0,(anonymous_17)
FNDA:0,(anonymous_18)
FNDA:0,(anonymous_21)
FNDA:0,(anonymous_22)
FNDA:0,(anonymous_23)
FNDA:0,(anonymous_26)
FNDA:0,(anonymous_27)
FNDA:0,(anonymous_28)
FNDA:0,(anonymous_31)
FNDA:0,(anonymous_32)
FNDA:0,(anonymous_33)
FNDA:0,(anonymous_36)
FNDA:0,(anonymous_37)
FNDA:0,(anonymous_38)
FNDA:0,(anonymous_39)
FNDA:0,(anonymous_42)
FNDA:0,(anonymous_43)
FNDA:0,(anonymous_44)
FNDA:0,(anonymous_45)
FNDA:0,(anonymous_48)
FNDA:0,(anonymous_49)
FNDA:0,(anonymous_50)
FNDA:0,(anonymous_51)
FNDA:0,(anonymous_54)
FNDA:0,(anonymous_55)
FNDA:0,(anonymous_56)
FNDA:0,(anonymous_57)
FNDA:0,withConditionalLoad
FNDA:0,trackComponentLoad
FNDA:0,(anonymous_63)
FNDA:0,getComponentLoadTimes
DA:3,0
DA:7,0
DA:8,0
DA:19,0
DA:20,0
DA:27,0
DA:28,0
DA:35,0
DA:36,0
DA:41,0
DA:49,0
DA:50,0
DA:55,0
DA:63,0
DA:64,0
DA:71,0
DA:80,0
DA:81,0
DA:86,0
DA:94,0
DA:95,0
DA:107,0
DA:111,0
DA:118,0
DA:120,0
DA:121,0
DA:123,0
DA:124,0
DA:125,0
DA:127,0
DA:128,0
DA:133,0
DA:134,0
LF:33
LH:0
BRDA:127,0,0,0
BRF:1
BRH:0
end_of_record
TN:
SF:components\enhanced-contact-form.tsx
FN:53,EnhancedContactForm
FN:94,(anonymous_2)
FN:125,(anonymous_3)
FN:126,(anonymous_4)
FN:133,(anonymous_5)
FN:140,(anonymous_6)
FN:151,(anonymous_7)
FN:187,(anonymous_8)
FN:237,(anonymous_9)
FN:257,(anonymous_10)
FN:278,(anonymous_11)
FN:288,(anonymous_12)
FN:293,(anonymous_13)
FN:309,(anonymous_14)
FN:317,(anonymous_15)
FN:354,(anonymous_16)
FN:373,(anonymous_17)
FN:394,(anonymous_18)
FN:411,(anonymous_19)
FN:430,(anonymous_20)
FNF:20
FNH:0
FNDA:0,EnhancedContactForm
FNDA:0,(anonymous_2)
FNDA:0,(anonymous_3)
FNDA:0,(anonymous_4)
FNDA:0,(anonymous_5)
FNDA:0,(anonymous_6)
FNDA:0,(anonymous_7)
FNDA:0,(anonymous_8)
FNDA:0,(anonymous_9)
FNDA:0,(anonymous_10)
FNDA:0,(anonymous_11)
FNDA:0,(anonymous_12)
FNDA:0,(anonymous_13)
FNDA:0,(anonymous_14)
FNDA:0,(anonymous_15)
FNDA:0,(anonymous_16)
FNDA:0,(anonymous_17)
FNDA:0,(anonymous_18)
FNDA:0,(anonymous_19)
FNDA:0,(anonymous_20)
DA:3,0
DA:4,0
DA:5,0
DA:6,0
DA:7,0
DA:8,0
DA:9,0
DA:16,0
DA:17,0
DA:30,0
DA:53,0
DA:54,0
DA:67,0
DA:68,0
DA:69,0
DA:71,0
DA:82,0
DA:94,0
DA:95,0
DA:97,0
DA:98,0
DA:101,0
DA:102,0
DA:103,0
DA:104,0
DA:107,0
DA:108,0
DA:111,0
DA:112,0
DA:115,0
DA:116,0
DA:117,0
DA:118,0
DA:121,0
DA:122,0
DA:125,0
DA:126,0
DA:132,0
DA:133,0
DA:140,0
DA:141,0
DA:143,0
DA:144,0
DA:147,0
DA:149,0
DA:151,0
DA:154,0
DA:156,0
DA:158,0
DA:161,0
DA:165,0
DA:188,0
DA:189,0
DA:237,0
DA:257,0
DA:278,0
DA:288,0
DA:294,0
DA:310,0
DA:311,0
DA:313,0
DA:317,0
DA:354,0
DA:373,0
DA:394,0
DA:411,0
DA:430,0
LF:67
LH:0
BRDA:53,0,0,0
BRDA:97,1,0,0
BRDA:101,2,0,0
BRDA:101,2,1,0
BRDA:103,3,0,0
BRDA:107,4,0,0
BRDA:111,5,0,0
BRDA:115,6,0,0
BRDA:115,6,1,0
BRDA:117,7,0,0
BRDA:132,8,0,0
BRDA:143,9,0,0
BRDA:165,10,0,0
BRDA:238,11,0,0
BRDA:238,11,1,0
BRDA:241,12,0,0
BRDA:258,13,0,0
BRDA:258,13,1,0
BRDA:261,14,0,0
BRDA:319,15,0,0
BRDA:319,15,1,0
BRDA:338,16,0,0
BRDA:355,17,0,0
BRDA:355,17,1,0
BRDA:358,18,0,0
BRDA:374,19,0,0
BRDA:374,19,1,0
BRDA:380,20,0,0
BRDA:445,21,0,0
BRF:29
BRH:0
end_of_record
TN:
SF:components\enhanced-profile.tsx
FN:12,EnhancedProfile
FN:47,(anonymous_3)
FN:97,(anonymous_4)
FN:112,(anonymous_5)
FNF:4
FNH:0
FNDA:0,EnhancedProfile
FNDA:0,(anonymous_3)
FNDA:0,(anonymous_4)
FNDA:0,(anonymous_5)
DA:3,0
DA:4,0
DA:5,0
DA:6,0
DA:7,0
DA:8,0
DA:9,0
DA:10,0
DA:12,0
DA:13,0
DA:15,0
DA:16,0
DA:48,0
DA:98,0
DA:113,0
LF:15
LH:0
BRDA:26,0,0,0
BRDA:26,0,1,0
BRDA:64,1,0,0
BRDA:64,1,1,0
BRDA:73,2,0,0
BRDA:73,2,1,0
BRDA:181,3,0,0
BRDA:181,3,1,0
BRDA:184,4,0,0
BRDA:184,4,1,0
BRF:10
BRH:0
end_of_record
TN:
SF:components\enhanced-scroll-indicator.tsx
FN:6,EnhancedScrollIndicator
FN:10,(anonymous_2)
FN:11,(anonymous_3)
FN:29,(anonymous_4)
FN:32,(anonymous_5)
FNF:5
FNH:0
FNDA:0,EnhancedScrollIndicator
FNDA:0,(anonymous_2)
FNDA:0,(anonymous_3)
FNDA:0,(anonymous_4)
FNDA:0,(anonymous_5)
DA:3,0
DA:4,0
DA:6,0
DA:7,0
DA:8,0
DA:10,0
DA:11,0
DA:13,0
DA:14,0
DA:15,0
DA:16,0
DA:19,0
DA:23,0
DA:26,0
DA:29,0
DA:32,0
DA:33,0
DA:40,0
LF:18
LH:0
BRDA:45,0,0,0
BRDA:45,0,1,0
BRF:2
BRH:0
end_of_record
TN:
SF:components\error-boundary.tsx
FN:28,(anonymous_6)
FN:66,(anonymous_7)
FN:37,(anonymous_8)
FN:44,(anonymous_9)
FN:74,(anonymous_10)
FN:92,DefaultErrorFallback
FN:149,(anonymous_12)
FN:175,AcademicErrorFallback
FN:202,(anonymous_14)
FN:213,withErrorBoundary
FN:229,useErrorHandler
FN:230,(anonymous_18)
FNF:12
FNH:0
FNDA:0,(anonymous_6)
FNDA:0,(anonymous_7)
FNDA:0,(anonymous_8)
FNDA:0,(anonymous_9)
FNDA:0,(anonymous_10)
FNDA:0,DefaultErrorFallback
FNDA:0,(anonymous_12)
FNDA:0,AcademicErrorFallback
FNDA:0,(anonymous_14)
FNDA:0,withErrorBoundary
FNDA:0,useErrorHandler
FNDA:0,(anonymous_18)
DA:3,0
DA:4,0
DA:5,0
DA:6,0
DA:7,0
DA:29,0
DA:30,0
DA:38,0
DA:46,0
DA:49,0
DA:50,0
DA:51,0
DA:52,0
DA:53,0
DA:57,0
DA:63,0
DA:67,0
DA:75,0
DA:76,0
DA:87,0
DA:93,0
DA:149,0
DA:175,0
DA:202,0
DA:213,0
DA:223,0
DA:225,0
DA:229,0
DA:230,0
DA:231,0
DA:233,0
DA:234,0
DA:239,0
LF:33
LH:0
BRDA:49,0,0,0
BRDA:75,1,0,0
BRDA:76,2,0,0
BRDA:76,2,1,0
BRDA:111,3,0,0
BRDA:118,4,0,0
BRDA:126,5,0,0
BRDA:223,6,0,0
BRDA:223,6,1,0
BRDA:233,7,0,0
BRF:10
BRH:0
end_of_record
TN:
SF:components\experience-card.tsx
FN:13,ExperienceCard
FN:38,(anonymous_2)
FN:50,(anonymous_3)
FNF:3
FNH:0
FNDA:0,ExperienceCard
FNDA:0,(anonymous_2)
FNDA:0,(anonymous_3)
DA:1,0
DA:2,0
DA:13,0
DA:39,0
DA:51,0
LF:5
LH:0
BRF:0
BRH:0
end_of_record
TN:
SF:components\optimized-image.tsx
FN:18,OptimizedImage
FN:36,(anonymous_8)
FN:41,(anonymous_9)
FN:48,(anonymous_10)
FN:126,ResearchImage
FN:160,ProfileImage
FN:192,PublicationThumbnail
FN:221,LazyAcademicImage
FN:235,(anonymous_15)
FN:239,(anonymous_16)
FN:250,(anonymous_17)
FNF:11
FNH:0
FNDA:0,OptimizedImage
FNDA:0,(anonymous_8)
FNDA:0,(anonymous_9)
FNDA:0,(anonymous_10)
FNDA:0,ResearchImage
FNDA:0,ProfileImage
FNDA:0,PublicationThumbnail
FNDA:0,LazyAcademicImage
FNDA:0,(anonymous_15)
FNDA:0,(anonymous_16)
FNDA:0,(anonymous_17)
DA:3,0
DA:4,0
DA:5,0
DA:18,0
DA:32,0
DA:33,0
DA:34,0
DA:36,0
DA:37,0
DA:38,0
DA:41,0
DA:42,0
DA:43,0
DA:44,0
DA:45,0
DA:48,0
DA:50,0
DA:51,0
DA:52,0
DA:53,0
DA:55,0
DA:57,0
DA:58,0
DA:61,0
DA:126,0
DA:137,0
DA:160,0
DA:169,0
DA:192,0
DA:203,0
DA:221,0
DA:232,0
DA:235,0
DA:236,0
DA:238,0
DA:240,0
DA:241,0
DA:242,0
DA:248,0
DA:250,0
LF:40
LH:0
BRDA:21,0,0,0
BRDA:22,1,0,0
BRDA:25,2,0,0
BRDA:26,3,0,0
BRDA:48,4,0,0
BRDA:48,5,0,0
BRDA:55,6,0,0
BRDA:57,7,0,0
BRDA:57,7,1,0
BRDA:67,8,0,0
BRDA:67,8,1,0
BRDA:84,9,0,0
BRDA:84,9,1,0
BRDA:85,10,0,0
BRDA:85,10,1,0
BRDA:88,11,0,0
BRDA:88,11,1,0
BRDA:89,12,0,0
BRDA:89,12,1,0
BRDA:94,13,0,0
BRDA:114,14,0,0
BRDA:114,14,1,0
BRDA:114,14,2,0
BRDA:114,14,3,0
BRDA:137,15,0,0
BRDA:137,15,1,0
BRDA:151,16,0,0
BRDA:162,17,0,0
BRDA:163,18,0,0
BRDA:186,19,0,0
BRDA:186,19,1,0
BRDA:203,20,0,0
BRDA:203,20,1,0
BRDA:204,21,0,0
BRDA:204,21,1,0
BRDA:224,22,0,0
BRDA:225,23,0,0
BRDA:236,24,0,0
BRDA:240,25,0,0
BRDA:256,26,0,0
BRF:40
BRH:0
end_of_record
TN:
SF:components\performance-monitor.tsx
FN:19,PerformanceMonitor
FN:23,(anonymous_5)
FN:28,(anonymous_6)
FN:52,(anonymous_7)
FN:64,(anonymous_8)
FN:67,(anonymous_9)
FN:69,(anonymous_10)
FN:87,(anonymous_11)
FN:97,(anonymous_12)
FN:105,getThreshold
FN:123,getImprovementSuggestion
FN:142,usePerformanceDiagnostics
FN:143,(anonymous_16)
FN:146,(anonymous_17)
FN:147,(anonymous_18)
FN:167,(anonymous_19)
FN:173,(anonymous_20)
FN:179,(anonymous_21)
FN:188,(anonymous_22)
FN:189,(anonymous_23)
FN:191,(anonymous_24)
FN:192,(anonymous_25)
FN:194,(anonymous_26)
FN:195,(anonymous_27)
FN:197,(anonymous_28)
FN:198,(anonymous_29)
FNF:26
FNH:0
FNDA:0,PerformanceMonitor
FNDA:0,(anonymous_5)
FNDA:0,(anonymous_6)
FNDA:0,(anonymous_7)
FNDA:0,(anonymous_8)
FNDA:0,(anonymous_9)
FNDA:0,(anonymous_10)
FNDA:0,(anonymous_11)
FNDA:0,(anonymous_12)
FNDA:0,getThreshold
FNDA:0,getImprovementSuggestion
FNDA:0,usePerformanceDiagnostics
FNDA:0,(anonymous_16)
FNDA:0,(anonymous_17)
FNDA:0,(anonymous_18)
FNDA:0,(anonymous_19)
FNDA:0,(anonymous_20)
FNDA:0,(anonymous_21)
FNDA:0,(anonymous_22)
FNDA:0,(anonymous_23)
FNDA:0,(anonymous_24)
FNDA:0,(anonymous_25)
FNDA:0,(anonymous_26)
FNDA:0,(anonymous_27)
FNDA:0,(anonymous_28)
FNDA:0,(anonymous_29)
DA:3,0
DA:4,0
DA:5,0
DA:6,0
DA:19,0
DA:20,0
DA:23,0
DA:24,0
DA:28,0
DA:30,0
DA:33,0
DA:34,0
DA:35,0
DA:36,0
DA:37,0
DA:38,0
DA:42,0
DA:43,0
DA:52,0
DA:54,0
DA:55,0
DA:59,0
DA:60,0
DA:64,0
DA:65,0
DA:67,0
DA:69,0
DA:70,0
DA:71,0
DA:74,0
DA:75,0
DA:85,0
DA:87,0
DA:88,0
DA:93,0
DA:94,0
DA:96,0
DA:97,0
DA:106,0
DA:108,0
DA:111,0
DA:113,0
DA:115,0
DA:117,0
DA:119,0
DA:124,0
DA:126,0
DA:129,0
DA:131,0
DA:133,0
DA:135,0
DA:137,0
DA:142,0
DA:143,0
DA:144,0
DA:146,0
DA:147,0
DA:148,0
DA:149,0
DA:152,0
DA:153,0
DA:154,0
DA:155,0
DA:156,0
DA:157,0
DA:158,0
DA:159,0
DA:160,0
DA:165,0
DA:167,0
DA:172,0
DA:174,0
DA:175,0
DA:180,0
DA:181,0
DA:182,0
DA:188,0
DA:189,0
DA:191,0
DA:192,0
DA:194,0
DA:195,0
DA:197,0
DA:198,0
LF:84
LH:0
BRDA:33,0,0,0
BRDA:42,1,0,0
BRDA:70,2,0,0
BRDA:74,3,0,0
BRDA:78,4,0,0
BRDA:78,4,1,0
BRDA:78,5,0,0
BRDA:78,5,1,0
BRDA:93,6,0,0
BRDA:93,6,1,0
BRDA:106,7,0,0
BRDA:106,7,1,0
BRDA:106,7,2,0
BRDA:106,7,3,0
BRDA:106,7,4,0
BRDA:106,7,5,0
BRDA:106,7,6,0
BRDA:124,8,0,0
BRDA:124,8,1,0
BRDA:124,8,2,0
BRDA:124,8,3,0
BRDA:124,8,4,0
BRDA:124,8,5,0
BRDA:124,8,6,0
BRDA:144,9,0,0
BRDA:148,10,0,0
BRDA:152,11,0,0
BRDA:174,12,0,0
BRDA:180,13,0,0
BRF:29
BRH:0
end_of_record
TN:
SF:components\portfolio-header.tsx
FN:10,PortfolioHeader
FN:18,(anonymous_3)
FN:19,(anonymous_4)
FN:23,(anonymous_5)
FN:23,(anonymous_6)
FN:46,(anonymous_7)
FN:49,(anonymous_8)
FN:54,(anonymous_9)
FN:55,(anonymous_10)
FN:62,(anonymous_11)
FN:107,(anonymous_12)
FN:192,(anonymous_13)
FN:205,(anonymous_14)
FN:232,(anonymous_15)
FN:236,(anonymous_16)
FNF:15
FNH:0
FNDA:0,PortfolioHeader
FNDA:0,(anonymous_3)
FNDA:0,(anonymous_4)
FNDA:0,(anonymous_5)
FNDA:0,(anonymous_6)
FNDA:0,(anonymous_7)
FNDA:0,(anonymous_8)
FNDA:0,(anonymous_9)
FNDA:0,(anonymous_10)
FNDA:0,(anonymous_11)
FNDA:0,(anonymous_12)
FNDA:0,(anonymous_13)
FNDA:0,(anonymous_14)
FNDA:0,(anonymous_15)
FNDA:0,(anonymous_16)
DA:3,0
DA:4,0
DA:5,0
DA:6,0
DA:7,0
DA:8,0
DA:10,0
DA:11,0
DA:12,0
DA:13,0
DA:15,0
DA:16,0
DA:18,0
DA:19,0
DA:20,0
DA:23,0
DA:26,0
DA:28,0
DA:29,0
DA:30,0
DA:31,0
DA:33,0
DA:34,0
DA:40,0
DA:41,0
DA:45,0
DA:46,0
DA:49,0
DA:50,0
DA:54,0
DA:55,0
DA:56,0
DA:57,0
DA:61,0
DA:62,0
DA:108,0
DA:110,0
DA:193,0
DA:195,0
DA:205,0
DA:232,0
DA:237,0
DA:238,0
DA:239,0
LF:44
LH:0
BRDA:29,0,0,0
BRDA:31,1,0,0
BRDA:40,2,0,0
BRDA:56,3,0,0
BRDA:56,4,0,0
BRDA:56,4,1,0
BRDA:80,5,0,0
BRDA:80,5,1,0
BRDA:108,6,0,0
BRDA:108,6,1,0
BRDA:116,7,0,0
BRDA:116,7,1,0
BRDA:120,8,0,0
BRDA:120,8,1,0
BRDA:132,9,0,0
BRDA:132,9,1,0
BRDA:152,10,0,0
BRDA:152,10,1,0
BRDA:159,11,0,0
BRDA:174,12,0,0
BRDA:174,12,1,0
BRDA:193,13,0,0
BRDA:193,13,1,0
BRDA:201,14,0,0
BRDA:201,14,1,0
BRDA:208,15,0,0
BRDA:208,15,1,0
BRDA:209,16,0,0
BRDA:209,16,1,0
BRDA:211,17,0,0
BRDA:211,17,1,0
BRDA:213,18,0,0
BRDA:213,18,1,0
BRDA:221,19,0,0
BRDA:221,19,1,0
BRDA:235,20,0,0
BRDA:235,20,1,0
BRDA:237,21,0,0
BRDA:237,22,0,0
BRDA:237,22,1,0
BRF:40
BRH:0
end_of_record
TN:
SF:components\publication-card.tsx
FN:14,PublicationCard
FN:18,(anonymous_3)
FN:187,(anonymous_4)
FNF:3
FNH:3
FNDA:16,PublicationCard
FNDA:16,(anonymous_3)
FNDA:75,(anonymous_4)
DA:1,1
DA:2,1
DA:3,1
DA:4,1
DA:5,1
DA:6,1
DA:8,1
DA:14,16
DA:15,16
DA:16,16
DA:18,16
DA:19,16
DA:20,13
DA:50,3
DA:51,1
DA:78,2
DA:79,1
DA:101,1
DA:102,1
DA:130,0
DA:188,75
LF:21
LH:20
BRDA:19,0,0,13
BRDA:40,1,0,13
BRDA:50,2,0,1
BRDA:78,3,0,1
BRDA:101,4,0,1
BRDA:119,5,0,1
BRDA:119,5,1,0
BRDA:227,6,0,16
BRDA:241,7,0,16
BRF:9
BRH:8
end_of_record
TN:
SF:components\publication-detail-client.tsx
FN:36,PublicationDetailClient
FN:43,(anonymous_3)
FN:47,(anonymous_4)
FN:56,(anonymous_5)
FN:60,(anonymous_6)
FN:64,(anonymous_7)
FN:118,(anonymous_8)
FN:171,(anonymous_9)
FN:188,(anonymous_10)
FN:205,(anonymous_11)
FN:234,(anonymous_12)
FN:248,(anonymous_13)
FN:260,(anonymous_14)
FN:318,(anonymous_15)
FN:324,(anonymous_16)
FN:345,(anonymous_17)
FNF:16
FNH:0
FNDA:0,PublicationDetailClient
FNDA:0,(anonymous_3)
FNDA:0,(anonymous_4)
FNDA:0,(anonymous_5)
FNDA:0,(anonymous_6)
FNDA:0,(anonymous_7)
FNDA:0,(anonymous_8)
FNDA:0,(anonymous_9)
FNDA:0,(anonymous_10)
FNDA:0,(anonymous_11)
FNDA:0,(anonymous_12)
FNDA:0,(anonymous_13)
FNDA:0,(anonymous_14)
FNDA:0,(anonymous_15)
FNDA:0,(anonymous_16)
FNDA:0,(anonymous_17)
DA:3,0
DA:4,0
DA:5,0
DA:6,0
DA:7,0
DA:8,0
DA:9,0
DA:10,0
DA:22,0
DA:27,0
DA:28,0
DA:36,0
DA:41,0
DA:43,0
DA:44,0
DA:45,0
DA:46,0
DA:47,0
DA:50,0
DA:52,0
DA:56,0
DA:57,0
DA:60,0
DA:61,0
DA:64,0
DA:65,0
DA:66,0
DA:119,0
DA:171,0
DA:188,0
DA:205,0
DA:234,0
DA:248,0
DA:260,0
DA:319,0
DA:324,0
DA:346,0
LF:37
LH:0
BRDA:175,0,0,0
BRDA:175,0,1,0
BRDA:192,1,0,0
BRDA:192,1,1,0
BRDA:209,2,0,0
BRDA:209,2,1,0
BRDA:230,3,0,0
BRDA:243,4,0,0
BRDA:287,5,0,0
BRDA:318,6,0,0
BRDA:318,6,1,0
BRDA:339,7,0,0
BRDA:339,7,1,0
BRF:13
BRH:0
end_of_record
TN:
SF:components\publication-metrics.tsx
FN:9,PublicationMetrics
FN:63,(anonymous_2)
FNF:2
FNH:0
FNDA:0,PublicationMetrics
FNDA:0,(anonymous_2)
DA:1,0
DA:2,0
DA:9,0
DA:10,0
DA:64,0
DA:66,0
LF:6
LH:0
BRF:0
BRH:0
end_of_record
TN:
SF:components\publications-page-client.tsx
FN:30,PublicationsPageClient
FN:41,(anonymous_2)
FN:49,(anonymous_3)
FN:55,(anonymous_4)
FN:57,(anonymous_5)
FN:58,(anonymous_6)
FN:68,(anonymous_7)
FN:70,(anonymous_8)
FN:76,(anonymous_9)
FN:82,(anonymous_10)
FN:85,(anonymous_11)
FN:88,(anonymous_12)
FN:91,(anonymous_13)
FN:94,(anonymous_14)
FN:102,(anonymous_15)
FN:107,(anonymous_16)
FN:110,(anonymous_17)
FN:113,(anonymous_18)
FN:116,(anonymous_19)
FN:126,(anonymous_20)
FN:127,(anonymous_21)
FN:128,(anonymous_22)
FN:132,(anonymous_23)
FN:144,(anonymous_24)
FN:145,(anonymous_25)
FN:181,(anonymous_26)
FN:223,(anonymous_27)
FN:253,(anonymous_28)
FN:265,(anonymous_29)
FN:280,(anonymous_30)
FN:361,(anonymous_31)
FN:378,(anonymous_32)
FN:395,(anonymous_33)
FN:412,(anonymous_34)
FN:447,(anonymous_35)
FN:463,(anonymous_36)
FN:479,(anonymous_37)
FNF:37
FNH:23
FNDA:15,PublicationsPageClient
FNDA:13,(anonymous_2)
FNDA:15,(anonymous_3)
FNDA:10,(anonymous_4)
FNDA:14,(anonymous_5)
FNDA:27,(anonymous_6)
FNDA:0,(anonymous_7)
FNDA:0,(anonymous_8)
FNDA:0,(anonymous_9)
FNDA:91,(anonymous_10)
FNDA:0,(anonymous_11)
FNDA:0,(anonymous_12)
FNDA:0,(anonymous_13)
FNDA:0,(anonymous_14)
FNDA:173,(anonymous_15)
FNDA:198,(anonymous_16)
FNDA:197,(anonymous_17)
FNDA:197,(anonymous_18)
FNDA:197,(anonymous_19)
FNDA:13,(anonymous_20)
FNDA:65,(anonymous_21)
FNDA:13,(anonymous_22)
FNDA:0,(anonymous_23)
FNDA:0,(anonymous_24)
FNDA:0,(anonymous_25)
FNDA:0,(anonymous_26)
FNDA:45,(anonymous_27)
FNDA:2,(anonymous_28)
FNDA:45,(anonymous_29)
FNDA:30,(anonymous_30)
FNDA:27,(anonymous_31)
FNDA:13,(anonymous_32)
FNDA:13,(anonymous_33)
FNDA:13,(anonymous_34)
FNDA:0,(anonymous_35)
FNDA:0,(anonymous_36)
FNDA:0,(anonymous_37)
DA:3,1
DA:4,1
DA:5,1
DA:6,1
DA:7,1
DA:8,1
DA:9,1
DA:10,1
DA:11,1
DA:12,1
DA:14,1
DA:24,1
DA:30,13
DA:31,15
DA:34,15
DA:35,15
DA:36,15
DA:37,15
DA:38,15
DA:41,15
DA:49,15
DA:50,15
DA:53,15
DA:54,2
DA:55,2
DA:56,10
DA:57,14
DA:58,27
DA:63,2
DA:67,15
DA:68,0
DA:69,0
DA:70,0
DA:75,15
DA:76,0
DA:80,15
DA:82,91
DA:83,15
DA:85,0
DA:86,0
DA:88,0
DA:89,0
DA:91,0
DA:92,0
DA:94,0
DA:95,0
DA:98,15
DA:102,15
DA:105,173
DA:107,198
DA:108,44
DA:110,197
DA:111,43
DA:113,197
DA:114,43
DA:116,197
DA:117,43
DA:119,0
DA:122,173
DA:126,15
DA:127,65
DA:128,13
DA:132,15
DA:133,0
DA:134,0
DA:135,0
DA:136,0
DA:137,0
DA:141,15
DA:144,15
DA:145,0
DA:146,0
DA:147,0
DA:159,0
DA:167,0
DA:168,0
DA:169,0
DA:170,0
DA:171,0
DA:172,0
DA:173,0
DA:174,0
DA:177,0
DA:181,15
DA:182,0
DA:183,0
DA:224,45
DA:253,2
DA:266,45
DA:281,30
DA:362,27
DA:379,13
DA:396,13
DA:413,13
DA:447,0
DA:463,0
DA:479,0
LF:97
LH:61
BRDA:53,0,0,2
BRDA:56,1,0,10
BRDA:56,1,1,9
BRDA:56,1,2,9
BRDA:56,1,3,9
BRDA:67,2,0,0
BRDA:69,3,0,0
BRDA:75,4,0,0
BRDA:80,5,0,15
BRDA:80,5,1,0
BRDA:80,5,2,0
BRDA:80,5,3,0
BRDA:80,5,4,0
BRDA:105,6,0,44
BRDA:105,6,1,43
BRDA:105,6,2,43
BRDA:105,6,3,43
BRDA:105,6,4,0
BRDA:141,7,0,15
BRDA:141,7,1,13
BRDA:141,7,2,13
BRDA:141,7,3,13
BRDA:146,8,0,0
BRDA:309,9,0,15
BRDA:360,10,0,14
BRDA:377,11,0,13
BRDA:394,12,0,13
BRDA:411,13,0,13
BRF:28
BRH:19
end_of_record
TN:
SF:components\pwa-registration.tsx
FN:22,PWARegistration
FN:30,(anonymous_4)
FN:39,(anonymous_5)
FN:48,(anonymous_6)
FN:59,(anonymous_7)
FN:63,(anonymous_8)
FN:70,(anonymous_9)
FN:79,(anonymous_10)
FN:98,(anonymous_11)
FN:105,(anonymous_12)
FN:106,(anonymous_13)
FN:113,(anonymous_14)
FN:127,(anonymous_15)
FN:134,(anonymous_16)
FN:135,(anonymous_17)
FN:140,(anonymous_18)
FN:145,(anonymous_19)
FN:163,(anonymous_20)
FN:169,(anonymous_21)
FN:189,(anonymous_22)
FN:196,(anonymous_23)
FN:254,(anonymous_24)
FN:328,usePWA
FN:332,(anonymous_26)
FN:335,(anonymous_27)
FN:336,(anonymous_28)
FN:346,(anonymous_29)
FN:352,(anonymous_30)
FN:361,(anonymous_31)
FNF:29
FNH:0
FNDA:0,PWARegistration
FNDA:0,(anonymous_4)
FNDA:0,(anonymous_5)
FNDA:0,(anonymous_6)
FNDA:0,(anonymous_7)
FNDA:0,(anonymous_8)
FNDA:0,(anonymous_9)
FNDA:0,(anonymous_10)
FNDA:0,(anonymous_11)
FNDA:0,(anonymous_12)
FNDA:0,(anonymous_13)
FNDA:0,(anonymous_14)
FNDA:0,(anonymous_15)
FNDA:0,(anonymous_16)
FNDA:0,(anonymous_17)
FNDA:0,(anonymous_18)
FNDA:0,(anonymous_19)
FNDA:0,(anonymous_20)
FNDA:0,(anonymous_21)
FNDA:0,(anonymous_22)
FNDA:0,(anonymous_23)
FNDA:0,(anonymous_24)
FNDA:0,usePWA
FNDA:0,(anonymous_26)
FNDA:0,(anonymous_27)
FNDA:0,(anonymous_28)
FNDA:0,(anonymous_29)
FNDA:0,(anonymous_30)
FNDA:0,(anonymous_31)
DA:3,0
DA:4,0
DA:5,0
DA:6,0
DA:7,0
DA:15,0
DA:22,0
DA:23,0
DA:24,0
DA:25,0
DA:26,0
DA:27,0
DA:28,0
DA:30,0
DA:31,0
DA:33,0
DA:35,0
DA:36,0
DA:39,0
DA:40,0
DA:44,0
DA:48,0
DA:49,0
DA:50,0
DA:54,0
DA:56,0
DA:59,0
DA:60,0
DA:62,0
DA:63,0
DA:64,0
DA:65,0
DA:66,0
DA:70,0
DA:79,0
DA:80,0
DA:81,0
DA:88,0
DA:93,0
DA:98,0
DA:99,0
DA:100,0
DA:105,0
DA:106,0
DA:107,0
DA:108,0
DA:113,0
DA:114,0
DA:115,0
DA:121,0
DA:124,0
DA:125,0
DA:127,0
DA:128,0
DA:129,0
DA:134,0
DA:135,0
DA:136,0
DA:137,0
DA:140,0
DA:141,0
DA:145,0
DA:146,0
DA:147,0
DA:148,0
DA:150,0
DA:155,0
DA:156,0
DA:159,0
DA:160,0
DA:163,0
DA:164,0
DA:165,0
DA:169,0
DA:170,0
DA:172,0
DA:173,0
DA:174,0
DA:176,0
DA:177,0
DA:179,0
DA:182,0
DA:183,0
DA:185,0
DA:189,0
DA:190,0
DA:192,0
DA:196,0
DA:197,0
DA:198,0
DA:199,0
DA:254,0
DA:328,0
DA:329,0
DA:330,0
DA:332,0
DA:333,0
DA:335,0
DA:336,0
DA:338,0
DA:339,0
DA:342,0
DA:343,0
DA:346,0
DA:347,0
DA:348,0
DA:352,0
DA:353,0
DA:354,0
DA:361,0
DA:362,0
DA:363,0
DA:369,0
LF:113
LH:0
BRDA:31,0,0,0
BRDA:35,1,0,0
BRDA:62,2,0,0
BRDA:64,3,0,0
BRDA:64,4,0,0
BRDA:64,4,1,0
BRDA:80,5,0,0
BRDA:80,6,0,0
BRDA:80,6,1,0
BRDA:99,7,0,0
BRDA:159,8,0,0
BRDA:159,9,0,0
BRDA:159,9,1,0
BRDA:170,10,0,0
BRDA:176,11,0,0
BRDA:176,11,1,0
BRDA:198,12,0,0
BRDA:208,13,0,0
BRDA:208,13,1,0
BRDA:210,14,0,0
BRDA:210,14,1,0
BRDA:216,15,0,0
BRDA:230,16,0,0
BRDA:265,17,0,0
BRDA:265,17,1,0
BRDA:265,17,2,0
BRDA:316,18,0,0
BRDA:342,19,0,0
BRDA:342,20,0,0
BRDA:342,20,1,0
BRDA:353,21,0,0
BRDA:353,22,0,0
BRDA:353,22,1,0
BRDA:362,23,0,0
BRDA:362,24,0,0
BRDA:362,24,1,0
BRF:36
BRH:0
end_of_record
TN:
SF:components\quick-search.tsx
FN:16,QuickSearch
FN:20,(anonymous_2)
FN:29,(anonymous_3)
FN:36,(anonymous_4)
FN:59,(anonymous_5)
FN:77,(anonymous_6)
FN:82,(anonymous_7)
FN:91,(anonymous_8)
FNF:8
FNH:0
FNDA:0,QuickSearch
FNDA:0,(anonymous_2)
FNDA:0,(anonymous_3)
FNDA:0,(anonymous_4)
FNDA:0,(anonymous_5)
FNDA:0,(anonymous_6)
FNDA:0,(anonymous_7)
FNDA:0,(anonymous_8)
DA:3,0
DA:4,0
DA:5,0
DA:6,0
DA:7,0
DA:8,0
DA:9,0
DA:16,0
DA:17,0
DA:18,0
DA:20,0
DA:21,0
DA:25,0
DA:29,0
DA:36,0
DA:59,0
DA:78,0
DA:82,0
DA:91,0
LF:19
LH:0
BRDA:16,0,0,0
BRDA:16,1,0,0
BRDA:25,2,0,0
BRF:3
BRH:0
end_of_record
TN:
SF:components\research-filters.tsx
FN:46,ResearchFilters
FN:134,(anonymous_2)
FN:138,(anonymous_3)
FN:139,(anonymous_4)
FN:145,(anonymous_5)
FN:155,(anonymous_6)
FN:156,(anonymous_7)
FN:190,(anonymous_8)
FN:202,(anonymous_9)
FN:208,(anonymous_10)
FN:216,(anonymous_11)
FN:221,(anonymous_12)
FN:250,(anonymous_13)
FN:255,(anonymous_14)
FN:270,(anonymous_15)
FN:275,(anonymous_16)
FN:290,(anonymous_17)
FN:295,(anonymous_18)
FN:310,(anonymous_19)
FN:331,(anonymous_20)
FNF:20
FNH:0
FNDA:0,ResearchFilters
FNDA:0,(anonymous_2)
FNDA:0,(anonymous_3)
FNDA:0,(anonymous_4)
FNDA:0,(anonymous_5)
FNDA:0,(anonymous_6)
FNDA:0,(anonymous_7)
FNDA:0,(anonymous_8)
FNDA:0,(anonymous_9)
FNDA:0,(anonymous_10)
FNDA:0,(anonymous_11)
FNDA:0,(anonymous_12)
FNDA:0,(anonymous_13)
FNDA:0,(anonymous_14)
FNDA:0,(anonymous_15)
FNDA:0,(anonymous_16)
FNDA:0,(anonymous_17)
FNDA:0,(anonymous_18)
FNDA:0,(anonymous_19)
FNDA:0,(anonymous_20)
DA:3,0
DA:4,0
DA:5,0
DA:6,0
DA:7,0
DA:14,0
DA:23,0
DA:46,0
DA:47,0
DA:48,0
DA:56,0
DA:92,0
DA:134,0
DA:135,0
DA:138,0
DA:139,0
DA:145,0
DA:146,0
DA:155,0
DA:156,0
DA:159,0
DA:190,0
DA:202,0
DA:209,0
DA:216,0
DA:222,0
DA:250,0
DA:256,0
DA:270,0
DA:276,0
DA:290,0
DA:296,0
DA:311,0
DA:314,0
DA:315,0
DA:316,0
DA:318,0
DA:319,0
DA:320,0
DA:323,0
DA:331,0
LF:41
LH:0
BRDA:46,0,0,0
BRDA:168,1,0,0
BRDA:176,2,0,0
BRDA:194,3,0,0
BRDA:194,3,1,0
BRDA:233,4,0,0
BRDA:306,5,0,0
BRDA:311,6,0,0
BRDA:318,7,0,0
BRDA:318,8,0,0
BRDA:318,8,1,0
BRDA:320,9,0,0
BRDA:320,9,1,0
BRF:13
BRH:0
end_of_record
TN:
SF:components\research-metrics.tsx
FN:9,ResearchMetrics
FN:63,(anonymous_2)
FNF:2
FNH:0
FNDA:0,ResearchMetrics
FNDA:0,(anonymous_2)
DA:1,0
DA:2,0
DA:9,0
DA:10,0
DA:64,0
DA:66,0
LF:6
LH:0
BRF:0
BRH:0
end_of_record
TN:
SF:components\research-project-card-enhanced.tsx
FN:36,ResearchProjectCardEnhanced
FN:202,(anonymous_3)
FN:247,(anonymous_4)
FNF:3
FNH:0
FNDA:0,ResearchProjectCardEnhanced
FNDA:0,(anonymous_3)
FNDA:0,(anonymous_4)
DA:3,0
DA:4,0
DA:5,0
DA:6,0
DA:7,0
DA:9,0
DA:10,0
DA:11,0
DA:18,0
DA:36,0
DA:37,0
DA:38,0
DA:41,0
DA:42,0
DA:43,0
DA:44,0
DA:46,0
DA:65,0
DA:203,0
DA:247,0
LF:20
LH:0
BRDA:36,0,0,0
BRDA:43,1,0,0
BRDA:43,1,1,0
BRDA:151,2,0,0
BRDA:151,2,1,0
BRDA:163,3,0,0
BRDA:176,4,0,0
BRDA:195,5,0,0
BRDA:195,5,1,0
BRDA:217,6,0,0
BRDA:249,7,0,0
BRDA:249,7,1,0
BRF:12
BRH:0
end_of_record
TN:
SF:components\research-project-card.tsx
FN:27,ResearchProjectCard
FN:78,(anonymous_3)
FNF:2
FNH:0
FNDA:0,ResearchProjectCard
FNDA:0,(anonymous_3)
DA:1,0
DA:2,0
DA:3,0
DA:4,0
DA:5,0
DA:12,0
DA:27,0
DA:28,0
DA:31,0
DA:32,0
DA:33,0
DA:36,0
DA:79,0
LF:13
LH:0
BRDA:33,0,0,0
BRDA:33,0,1,0
BRDA:76,1,0,0
BRDA:76,1,1,0
BRDA:87,2,0,0
BRF:5
BRH:0
end_of_record
TN:
SF:components\research-visualization.tsx
FN:56,ResearchVisualization
FN:60,(anonymous_2)
FN:128,(anonymous_3)
FN:137,(anonymous_4)
FN:217,(anonymous_5)
FN:252,(anonymous_6)
FN:273,(anonymous_7)
FN:355,(anonymous_8)
FN:387,(anonymous_9)
FN:413,(anonymous_10)
FNF:10
FNH:0
FNDA:0,ResearchVisualization
FNDA:0,(anonymous_2)
FNDA:0,(anonymous_3)
FNDA:0,(anonymous_4)
FNDA:0,(anonymous_5)
FNDA:0,(anonymous_6)
FNDA:0,(anonymous_7)
FNDA:0,(anonymous_8)
FNDA:0,(anonymous_9)
FNDA:0,(anonymous_10)
DA:3,0
DA:4,0
DA:5,0
DA:6,0
DA:7,0
DA:13,0
DA:56,0
DA:57,0
DA:60,0
DA:128,0
DA:129,0
DA:130,0
DA:131,0
DA:132,0
DA:133,0
DA:137,0
DA:138,0
DA:139,0
DA:140,0
DA:141,0
DA:142,0
DA:143,0
DA:218,0
DA:253,0
DA:274,0
DA:356,0
DA:388,0
DA:413,0
LF:28
LH:0
BRDA:56,0,0,0
BRDA:129,1,0,0
BRDA:129,1,1,0
BRDA:129,1,2,0
BRDA:129,1,3,0
BRDA:138,2,0,0
BRDA:138,2,1,0
BRDA:138,2,2,0
BRDA:138,2,3,0
BRDA:138,2,4,0
BRDA:262,3,0,0
BRF:11
BRH:0
end_of_record
TN:
SF:components\scroll-progress-indicator.tsx
FN:5,ScrollProgressIndicator
FN:8,(anonymous_2)
FN:9,(anonymous_3)
FN:24,(anonymous_4)
FNF:4
FNH:0
FNDA:0,ScrollProgressIndicator
FNDA:0,(anonymous_2)
FNDA:0,(anonymous_3)
FNDA:0,(anonymous_4)
DA:3,0
DA:5,0
DA:6,0
DA:8,0
DA:9,0
DA:11,0
DA:12,0
DA:13,0
DA:14,0
DA:18,0
DA:21,0
DA:24,0
LF:12
LH:0
BRF:0
BRH:0
end_of_record
TN:
SF:components\scroll-to-top-button.tsx
FN:8,ScrollToTopButton
FN:12,(anonymous_2)
FN:21,(anonymous_3)
FN:23,(anonymous_4)
FN:27,(anonymous_5)
FNF:5
FNH:0
FNDA:0,ScrollToTopButton
FNDA:0,(anonymous_2)
FNDA:0,(anonymous_3)
FNDA:0,(anonymous_4)
FNDA:0,(anonymous_5)
DA:3,0
DA:4,0
DA:5,0
DA:6,0
DA:8,0
DA:9,0
DA:12,0
DA:13,0
DA:14,0
DA:16,0
DA:21,0
DA:22,0
DA:23,0
DA:27,0
DA:28,0
LF:15
LH:0
BRDA:13,0,0,0
BRDA:13,0,1,0
BRDA:39,1,0,0
BRDA:39,1,1,0
BRF:4
BRH:0
end_of_record
TN:
SF:components\search-modal.tsx
FN:30,SearchModal
FN:46,(anonymous_3)
FN:55,(anonymous_4)
FN:56,(anonymous_5)
FN:66,(anonymous_6)
FN:69,(anonymous_7)
FN:73,(anonymous_8)
FN:80,(anonymous_9)
FN:85,(anonymous_10)
FN:91,(anonymous_11)
FN:106,(anonymous_12)
FN:149,(anonymous_13)
FN:189,(anonymous_14)
FN:199,(anonymous_15)
FN:268,(anonymous_16)
FN:273,(anonymous_17)
FN:292,(anonymous_18)
FN:297,(anonymous_19)
FNF:18
FNH:0
FNDA:0,SearchModal
FNDA:0,(anonymous_3)
FNDA:0,(anonymous_4)
FNDA:0,(anonymous_5)
FNDA:0,(anonymous_6)
FNDA:0,(anonymous_7)
FNDA:0,(anonymous_8)
FNDA:0,(anonymous_9)
FNDA:0,(anonymous_10)
FNDA:0,(anonymous_11)
FNDA:0,(anonymous_12)
FNDA:0,(anonymous_13)
FNDA:0,(anonymous_14)
FNDA:0,(anonymous_15)
FNDA:0,(anonymous_16)
FNDA:0,(anonymous_17)
FNDA:0,(anonymous_18)
FNDA:0,(anonymous_19)
DA:3,0
DA:4,0
DA:5,0
DA:6,0
DA:7,0
DA:8,0
DA:9,0
DA:21,0
DA:22,0
DA:23,0
DA:30,0
DA:40,0
DA:42,0
DA:43,0
DA:46,0
DA:47,0
DA:48,0
DA:49,0
DA:50,0
DA:55,0
DA:56,0
DA:57,0
DA:58,0
DA:59,0
DA:61,0
DA:62,0
DA:66,0
DA:69,0
DA:70,0
DA:73,0
DA:74,0
DA:75,0
DA:76,0
DA:77,0
DA:80,0
DA:81,0
DA:82,0
DA:85,0
DA:86,0
DA:87,0
DA:91,0
DA:92,0
DA:106,0
DA:107,0
DA:109,0
DA:111,0
DA:113,0
DA:115,0
DA:117,0
DA:150,0
DA:151,0
DA:152,0
DA:190,0
DA:199,0
DA:269,0
DA:273,0
DA:293,0
DA:297,0
LF:58
LH:0
BRDA:47,0,0,0
BRDA:57,1,0,0
BRDA:57,1,1,0
BRDA:86,2,0,0
BRDA:107,3,0,0
BRDA:107,3,1,0
BRDA:107,3,2,0
BRDA:107,3,3,0
BRDA:107,3,4,0
BRDA:145,4,0,0
BRDA:165,5,0,0
BRDA:178,6,0,0
BRDA:178,6,1,0
BRDA:186,7,0,0
BRDA:186,7,1,0
BRDA:208,8,0,0
BRDA:225,9,0,0
BRDA:225,9,1,0
BRDA:239,10,0,0
BRDA:239,10,1,0
BRDA:239,10,2,0
BRDA:253,11,0,0
BRDA:253,11,1,0
BRDA:253,11,2,0
BRDA:261,12,0,0
BRF:25
BRH:0
end_of_record
TN:
SF:components\search-trigger.tsx
FN:14,SearchTrigger
FN:22,(anonymous_2)
FN:23,(anonymous_3)
FN:31,(anonymous_4)
FN:34,(anonymous_5)
FN:62,(anonymous_6)
FN:83,(anonymous_7)
FN:92,(anonymous_8)
FNF:8
FNH:0
FNDA:0,SearchTrigger
FNDA:0,(anonymous_2)
FNDA:0,(anonymous_3)
FNDA:0,(anonymous_4)
FNDA:0,(anonymous_5)
FNDA:0,(anonymous_6)
FNDA:0,(anonymous_7)
FNDA:0,(anonymous_8)
DA:3,0
DA:4,0
DA:5,0
DA:6,0
DA:14,0
DA:19,0
DA:22,0
DA:23,0
DA:24,0
DA:25,0
DA:26,0
DA:30,0
DA:31,0
DA:34,0
DA:35,0
DA:62,0
DA:63,0
DA:65,0
DA:67,0
DA:69,0
DA:71,0
DA:76,0
DA:83,0
DA:92,0
LF:24
LH:0
BRDA:15,0,0,0
BRDA:16,1,0,0
BRDA:17,2,0,0
BRDA:24,3,0,0
BRDA:24,4,0,0
BRDA:24,4,1,0
BRDA:24,4,2,0
BRDA:65,5,0,0
BRDA:65,5,1,0
BRDA:65,5,2,0
BRDA:76,6,0,0
BRDA:76,6,1,0
BRDA:81,7,0,0
BRDA:81,7,1,0
BRF:14
BRH:0
end_of_record
TN:
SF:components\skill-tag.tsx
FN:7,SkillTag
FNF:1
FNH:0
FNDA:0,SkillTag
DA:7,0
LF:1
LH:0
BRF:0
BRH:0
end_of_record
TN:
SF:components\social-links.tsx
FN:14,SocialLinks
FN:17,(anonymous_5)
FNF:2
FNH:0
FNDA:0,SocialLinks
FNDA:0,(anonymous_5)
DA:1,0
DA:14,0
DA:18,0
DA:20,0
LF:4
LH:0
BRDA:29,0,0,0
BRF:1
BRH:0
end_of_record
TN:
SF:components\theme-provider.tsx
FN:9,ThemeProvider
FNF:1
FNH:0
FNDA:0,ThemeProvider
DA:3,0
DA:7,0
DA:9,0
LF:3
LH:0
BRF:0
BRH:0
end_of_record
TN:
SF:components\advanced-animations\micro-interactions.tsx
FN:13,FloatingCard
FN:29,(anonymous_8)
FN:42,(anonymous_9)
FN:75,MagneticButton
FN:87,(anonymous_11)
FN:98,(anonymous_12)
FN:128,RevealText
FN:168,(anonymous_14)
FN:187,GlowingBorder
FN:222,CountUpAnimation
FN:228,(anonymous_17)
FN:236,(anonymous_18)
FNF:12
FNH:0
FNDA:0,FloatingCard
FNDA:0,(anonymous_8)
FNDA:0,(anonymous_9)
FNDA:0,MagneticButton
FNDA:0,(anonymous_11)
FNDA:0,(anonymous_12)
FNDA:0,RevealText
FNDA:0,(anonymous_14)
FNDA:0,GlowingBorder
FNDA:0,CountUpAnimation
FNDA:0,(anonymous_17)
FNDA:0,(anonymous_18)
DA:3,0
DA:4,0
DA:13,0
DA:19,0
DA:20,0
DA:21,0
DA:23,0
DA:24,0
DA:26,0
DA:27,0
DA:29,0
DA:30,0
DA:32,0
DA:33,0
DA:34,0
DA:35,0
DA:36,0
DA:38,0
DA:39,0
DA:42,0
DA:43,0
DA:44,0
DA:75,0
DA:83,0
DA:84,0
DA:85,0
DA:87,0
DA:88,0
DA:90,0
DA:91,0
DA:92,0
DA:94,0
DA:95,0
DA:98,0
DA:99,0
DA:100,0
DA:128,0
DA:129,0
DA:131,0
DA:142,0
DA:169,0
DA:187,0
DA:222,0
DA:227,0
DA:228,0
DA:237,0
DA:246,0
LF:47
LH:0
BRDA:15,0,0,0
BRDA:16,1,0,0
BRDA:17,2,0,0
BRDA:30,3,0,0
BRDA:77,4,0,0
BRDA:78,5,0,0
BRDA:81,6,0,0
BRDA:88,7,0,0
BRDA:128,8,0,0
BRDA:128,9,0,0
BRDA:189,10,0,0
BRDA:190,11,0,0
BRDA:224,12,0,0
BRDA:225,13,0,0
BRF:14
BRH:0
end_of_record
TN:
SF:components\advanced-animations\staggered-container.tsx
FN:26,(anonymous_4)
FN:53,StaggeredContainer
FN:86,StaggeredItem
FN:107,ScrollStaggeredContainer
FNF:4
FNH:3
FNDA:63,(anonymous_4)
FNDA:21,StaggeredContainer
FNDA:63,StaggeredItem
FNDA:0,ScrollStaggeredContainer
DA:3,1
DA:15,1
DA:26,1
DA:27,63
DA:34,63
DA:53,21
DA:61,21
DA:86,63
DA:97,63
DA:107,0
LF:10
LH:9
BRDA:55,0,0,0
BRDA:56,1,0,0
BRDA:57,2,0,21
BRDA:58,3,0,21
BRDA:59,4,0,21
BRDA:88,5,0,63
BRDA:89,6,0,63
BRDA:90,7,0,63
BRDA:109,8,0,0
BRDA:110,9,0,0
BRDA:111,10,0,0
BRF:11
BRH:6
end_of_record
TN:
SF:components\loading-states\academic-skeleton.tsx
FN:6,AcademicCardSkeleton
FN:34,AcademicPageSkeleton
FN:43,(anonymous_9)
FN:51,AcademicStatsSkeleton
FN:54,(anonymous_11)
FN:64,AcademicPublicationSkeleton
FN:80,AcademicSpinner
FN:88,AcademicListSkeleton
FN:91,(anonymous_15)
FNF:9
FNH:0
FNDA:0,AcademicCardSkeleton
FNDA:0,AcademicPageSkeleton
FNDA:0,(anonymous_9)
FNDA:0,AcademicStatsSkeleton
FNDA:0,(anonymous_11)
FNDA:0,AcademicPublicationSkeleton
FNDA:0,AcademicSpinner
FNDA:0,AcademicListSkeleton
FNDA:0,(anonymous_15)
DA:3,0
DA:4,0
DA:6,0
DA:34,0
DA:44,0
DA:51,0
DA:55,0
DA:64,0
DA:80,0
DA:88,0
DA:92,0
LF:11
LH:0
BRDA:88,0,0,0
BRF:1
BRH:0
end_of_record
TN:
SF:components\research-visualization\impact-metrics.tsx
FN:36,AnimatedProgressBar
FN:69,MetricCard
FN:93,(anonymous_8)
FN:104,(anonymous_9)
FN:173,SimpleBarChart
FN:184,(anonymous_11)
FN:193,(anonymous_12)
FN:217,CollaborationNetwork
FN:235,(anonymous_14)
FN:252,(anonymous_15)
FN:274,(anonymous_16)
FN:286,(anonymous_17)
FN:296,ImpactMetrics
FN:312,(anonymous_19)
FN:320,(anonymous_20)
FN:328,(anonymous_21)
FN:345,(anonymous_22)
FN:377,createSampleMetricsData
FNF:18
FNH:0
FNDA:0,AnimatedProgressBar
FNDA:0,MetricCard
FNDA:0,(anonymous_8)
FNDA:0,(anonymous_9)
FNDA:0,SimpleBarChart
FNDA:0,(anonymous_11)
FNDA:0,(anonymous_12)
FNDA:0,CollaborationNetwork
FNDA:0,(anonymous_14)
FNDA:0,(anonymous_15)
FNDA:0,(anonymous_16)
FNDA:0,(anonymous_17)
FNDA:0,ImpactMetrics
FNDA:0,(anonymous_19)
FNDA:0,(anonymous_20)
FNDA:0,(anonymous_21)
FNDA:0,(anonymous_22)
FNDA:0,createSampleMetricsData
DA:3,0
DA:4,0
DA:6,0
DA:7,0
DA:8,0
DA:9,0
DA:47,0
DA:48,0
DA:49,0
DA:70,0
DA:71,0
DA:72,0
DA:74,0
DA:93,0
DA:94,0
DA:96,0
DA:98,0
DA:100,0
DA:104,0
DA:105,0
DA:107,0
DA:109,0
DA:111,0
DA:182,0
DA:183,0
DA:184,0
DA:194,0
DA:218,0
DA:219,0
DA:221,0
DA:230,0
DA:235,0
DA:236,0
DA:237,0
DA:238,0
DA:239,0
DA:253,0
DA:254,0
DA:255,0
DA:275,0
DA:286,0
DA:296,0
DA:302,0
DA:312,0
DA:320,0
DA:328,0
DA:346,0
DA:377,0
DA:382,0
DA:451,0
DA:459,0
DA:467,0
LF:52
LH:0
BRDA:40,0,0,0
BRDA:56,1,0,0
BRDA:56,1,1,0
BRDA:94,2,0,0
BRDA:94,2,1,0
BRDA:94,2,2,0
BRDA:105,3,0,0
BRDA:105,3,1,0
BRDA:105,3,2,0
BRDA:120,4,0,0
BRDA:120,4,1,0
BRDA:236,5,0,0
BRDA:236,5,1,0
BRDA:236,5,2,0
BRDA:266,6,0,0
BRDA:266,6,1,0
BRDA:280,7,0,0
BRDA:280,7,1,0
BRDA:300,8,0,0
BRDA:311,9,0,0
BRDA:311,9,1,0
BRDA:319,10,0,0
BRDA:319,10,1,0
BRDA:327,11,0,0
BRDA:327,11,1,0
BRDA:343,12,0,0
BRDA:351,13,0,0
BRDA:366,14,0,0
BRF:28
BRH:0
end_of_record
TN:
SF:components\research-visualization\research-area-mapping.tsx
FN:28,InteractiveTagCloud
FN:35,(anonymous_4)
FN:42,(anonymous_5)
FN:57,(anonymous_6)
FN:73,(anonymous_7)
FN:89,AreaDetailsPanel
FN:162,(anonymous_9)
FN:183,CategoryLegend
FN:200,(anonymous_11)
FN:221,ResearchAreaMapping
FN:226,(anonymous_13)
FN:230,(anonymous_14)
FN:246,(anonymous_15)
FN:255,(anonymous_16)
FN:262,(anonymous_17)
FN:269,(anonymous_18)
FN:276,(anonymous_19)
FN:318,(anonymous_20)
FN:334,(anonymous_21)
FN:350,(anonymous_22)
FN:362,createSampleResearchAreas
FNF:21
FNH:0
FNDA:0,InteractiveTagCloud
FNDA:0,(anonymous_4)
FNDA:0,(anonymous_5)
FNDA:0,(anonymous_6)
FNDA:0,(anonymous_7)
FNDA:0,AreaDetailsPanel
FNDA:0,(anonymous_9)
FNDA:0,CategoryLegend
FNDA:0,(anonymous_11)
FNDA:0,ResearchAreaMapping
FNDA:0,(anonymous_13)
FNDA:0,(anonymous_14)
FNDA:0,(anonymous_15)
FNDA:0,(anonymous_16)
FNDA:0,(anonymous_17)
FNDA:0,(anonymous_18)
FNDA:0,(anonymous_19)
FNDA:0,(anonymous_20)
FNDA:0,(anonymous_21)
FNDA:0,(anonymous_22)
FNDA:0,createSampleResearchAreas
DA:3,0
DA:4,0
DA:5,0
DA:6,0
DA:7,0
DA:8,0
DA:9,0
DA:32,0
DA:33,0
DA:35,0
DA:36,0
DA:37,0
DA:38,0
DA:39,0
DA:42,0
DA:43,0
DA:45,0
DA:47,0
DA:49,0
DA:51,0
DA:58,0
DA:73,0
DA:90,0
DA:103,0
DA:163,0
DA:184,0
DA:201,0
DA:221,0
DA:222,0
DA:223,0
DA:224,0
DA:226,0
DA:227,0
DA:228,0
DA:230,0
DA:231,0
DA:246,0
DA:255,0
DA:262,0
DA:269,0
DA:276,0
DA:318,0
DA:334,0
DA:350,0
DA:362,0
DA:363,0
LF:46
LH:0
BRDA:36,0,0,0
BRDA:37,1,0,0
BRDA:38,2,0,0
BRDA:43,3,0,0
BRDA:43,3,1,0
BRDA:43,3,2,0
BRDA:43,3,3,0
BRDA:61,4,0,0
BRDA:61,4,1,0
BRDA:90,5,0,0
BRDA:116,6,0,0
BRDA:116,6,1,0
BRDA:117,7,0,0
BRDA:117,7,1,0
BRDA:221,8,0,0
BRDA:227,9,0,0
BRDA:227,9,1,0
BRDA:228,10,0,0
BRDA:228,10,1,0
BRDA:228,10,2,0
BRDA:231,11,0,0
BRDA:231,11,1,0
BRDA:254,12,0,0
BRDA:254,12,1,0
BRDA:261,13,0,0
BRDA:261,13,1,0
BRDA:268,14,0,0
BRDA:268,14,1,0
BRDA:275,15,0,0
BRDA:275,15,1,0
BRF:30
BRH:0
end_of_record
TN:
SF:components\research-visualization\research-timeline.tsx
FN:52,TimelineEventCard
FN:189,(anonymous_4)
FN:223,ResearchTimeline
FN:227,(anonymous_6)
FN:230,(anonymous_7)
FN:242,(anonymous_8)
FN:246,(anonymous_9)
FN:251,(anonymous_10)
FN:263,(anonymous_11)
FN:278,createTimelineFromResearchData
FN:288,(anonymous_13)
FN:298,(anonymous_14)
FNF:12
FNH:0
FNDA:0,TimelineEventCard
FNDA:0,(anonymous_4)
FNDA:0,ResearchTimeline
FNDA:0,(anonymous_6)
FNDA:0,(anonymous_7)
FNDA:0,(anonymous_8)
FNDA:0,(anonymous_9)
FNDA:0,(anonymous_10)
FNDA:0,(anonymous_11)
FNDA:0,createTimelineFromResearchData
FNDA:0,(anonymous_13)
FNDA:0,(anonymous_14)
DA:3,0
DA:4,0
DA:5,0
DA:6,0
DA:7,0
DA:8,0
DA:10,0
DA:31,0
DA:57,0
DA:58,0
DA:59,0
DA:60,0
DA:61,0
DA:63,0
DA:189,0
DA:223,0
DA:224,0
DA:226,0
DA:227,0
DA:230,0
DA:231,0
DA:242,0
DA:247,0
DA:251,0
DA:264,0
DA:278,0
DA:279,0
DA:282,0
DA:288,0
DA:289,0
DA:299,0
DA:306,0
LF:32
LH:0
BRDA:66,0,0,0
BRDA:66,0,1,0
BRDA:85,1,0,0
BRDA:89,2,0,0
BRDA:89,2,1,0
BRDA:99,3,0,0
BRDA:99,3,1,0
BRDA:113,4,0,0
BRDA:113,4,1,0
BRDA:114,5,0,0
BRDA:114,5,1,0
BRDA:118,6,0,0
BRDA:118,6,1,0
BRDA:126,7,0,0
BRDA:126,7,1,0
BRDA:128,8,0,0
BRDA:128,8,1,0
BRDA:152,9,0,0
BRDA:159,10,0,0
BRDA:160,11,0,0
BRDA:160,11,1,0
BRDA:166,12,0,0
BRDA:166,12,1,0
BRDA:167,13,0,0
BRDA:167,13,1,0
BRDA:175,14,0,0
BRDA:176,15,0,0
BRDA:176,15,1,0
BRDA:185,16,0,0
BRDA:185,16,1,0
BRDA:191,17,0,0
BRDA:191,17,1,0
BRDA:193,18,0,0
BRDA:193,18,1,0
BRDA:199,19,0,0
BRDA:207,20,0,0
BRDA:207,20,1,0
BRDA:223,21,0,0
BRDA:226,22,0,0
BRDA:226,22,1,0
BRDA:241,23,0,0
BRDA:241,23,1,0
BRDA:250,24,0,0
BRDA:250,24,1,0
BRDA:299,25,0,0
BRDA:299,25,1,0
BRF:46
BRH:0
end_of_record
TN:
SF:components\ui\accordion.tsx
FNF:0
FNH:0
DA:3,0
DA:4,0
DA:5,0
DA:7,0
DA:9,0
DA:21,0
DA:41,0
DA:56,0
DA:58,0
LF:9
LH:0
BRF:0
BRH:0
end_of_record
TN:
SF:components\ui\alert-dialog.tsx
FNF:0
FNH:0
DA:3,0
DA:4,0
DA:6,0
DA:7,0
DA:9,0
DA:11,0
DA:13,0
DA:28,0
DA:46,0
DA:60,0
DA:74,0
DA:86,0
DA:98,0
DA:111,0
DA:127,0
DA:130,0
DA:131,0
DA:132,0
DA:133,0
DA:134,0
DA:135,0
DA:136,0
DA:137,0
DA:138,0
DA:139,0
DA:140,0
LF:26
LH:0
BRF:0
BRH:0
end_of_record
TN:
SF:components\ui\alert.tsx
FNF:0
FNH:0
DA:1,0
DA:2,0
DA:4,0
DA:6,0
DA:33,0
DA:45,0
DA:57,0
DA:59,0
LF:8
LH:0
BRF:0
BRH:0
end_of_record
TN:
SF:components\ui\animated-section.tsx
FN:21,AnimatedSection
FN:44,(anonymous_2)
FN:49,(anonymous_3)
FN:63,(anonymous_4)
FNF:4
FNH:0
FNDA:0,AnimatedSection
FNDA:0,(anonymous_2)
FNDA:0,(anonymous_3)
FNDA:0,(anonymous_4)
DA:4,0
DA:5,0
DA:6,0
DA:21,0
DA:31,0
DA:37,0
DA:38,0
DA:41,0
DA:44,0
DA:45,0
DA:49,0
DA:50,0
DA:51,0
DA:54,0
DA:63,0
DA:64,0
DA:65,0
DA:67,0
DA:69,0
DA:71,0
DA:73,0
DA:75,0
DA:77,0
DA:79,0
DA:82,0
LF:25
LH:0
BRDA:23,0,0,0
BRDA:24,1,0,0
BRDA:26,2,0,0
BRDA:27,3,0,0
BRDA:29,4,0,0
BRDA:38,5,0,0
BRDA:38,5,1,0
BRDA:50,6,0,0
BRDA:57,7,0,0
BRDA:57,7,1,0
BRDA:58,8,0,0
BRDA:58,8,1,0
BRDA:59,9,0,0
BRDA:59,9,1,0
BRDA:64,10,0,0
BRDA:65,11,0,0
BRDA:65,11,1,0
BRDA:65,11,2,0
BRDA:65,11,3,0
BRDA:65,11,4,0
BRDA:65,11,5,0
BRDA:65,11,6,0
BRF:22
BRH:0
end_of_record
TN:
SF:components\ui\aspect-ratio.tsx
FNF:0
FNH:0
DA:3,0
DA:5,0
DA:7,0
LF:3
LH:0
BRF:0
BRH:0
end_of_record
TN:
SF:components\ui\avatar.tsx
FNF:0
FNH:0
DA:3,0
DA:4,0
DA:6,0
DA:21,0
DA:33,0
DA:48,0
DA:50,0
LF:7
LH:0
BRF:0
BRH:0
end_of_record
TN:
SF:components\ui\badge.tsx
FN:25,Badge
FNF:1
FNH:1
FNDA:1951,Badge
DA:2,9
DA:4,9
DA:6,9
DA:29,1965
LF:4
LH:4
BRF:0
BRH:0
end_of_record
TN:
SF:components\ui\breadcrumb.tsx
FN:47,(anonymous_14)
FNF:1
FNH:0
FNDA:0,(anonymous_14)
DA:1,0
DA:2,0
DA:3,0
DA:5,0
DA:13,0
DA:28,0
DA:40,0
DA:42,0
DA:48,0
DA:58,0
DA:73,0
DA:89,0
DA:105,0
DA:108,0
DA:109,0
DA:110,0
DA:111,0
DA:112,0
DA:113,0
DA:114,0
LF:20
LH:0
BRDA:48,0,0,0
BRDA:48,0,1,0
BRDA:86,1,0,0
BRDA:86,1,1,0
BRF:4
BRH:0
end_of_record
TN:
SF:components\ui\button.tsx
FN:43,(anonymous_6)
FNF:1
FNH:1
FNDA:968,(anonymous_6)
DA:1,9
DA:2,9
DA:3,9
DA:5,9
DA:7,9
DA:42,9
DA:44,968
DA:54,9
DA:56,969
LF:9
LH:9
BRDA:43,0,0,817
BRDA:44,1,0,151
BRDA:44,1,1,817
BRF:3
BRH:3
end_of_record
TN:
SF:components\ui\calendar.tsx
FN:12,Calendar
FNF:1
FNH:0
FNDA:0,Calendar
DA:3,0
DA:4,0
DA:5,0
DA:7,0
DA:8,0
DA:68,0
DA:70,0
LF:7
LH:0
BRDA:15,0,0,0
BRF:1
BRH:0
end_of_record
TN:
SF:components\ui\card.tsx
FNF:0
FNH:0
DA:1,9
DA:3,9
DA:18,9
DA:30,9
DA:45,9
DA:57,9
DA:65,9
DA:77,9
DA:79,820
LF:9
LH:9
BRF:0
BRH:0
end_of_record
TN:
SF:components\ui\carousel.tsx
FN:35,useCarousel
FN:49,(anonymous_11)
FN:71,(anonymous_12)
FN:80,(anonymous_13)
FN:84,(anonymous_14)
FN:89,(anonymous_15)
FN:101,(anonymous_16)
FN:109,(anonymous_17)
FN:118,(anonymous_18)
FN:156,(anonymous_19)
FN:178,(anonymous_20)
FN:200,(anonymous_21)
FN:229,(anonymous_22)
FNF:13
FNH:0
FNDA:0,useCarousel
FNDA:0,(anonymous_11)
FNDA:0,(anonymous_12)
FNDA:0,(anonymous_13)
FNDA:0,(anonymous_14)
FNDA:0,(anonymous_15)
FNDA:0,(anonymous_16)
FNDA:0,(anonymous_17)
FNDA:0,(anonymous_18)
FNDA:0,(anonymous_19)
FNDA:0,(anonymous_20)
FNDA:0,(anonymous_21)
FNDA:0,(anonymous_22)
DA:3,0
DA:6,0
DA:7,0
DA:9,0
DA:10,0
DA:33,0
DA:36,0
DA:38,0
DA:39,0
DA:42,0
DA:45,0
DA:61,0
DA:68,0
DA:69,0
DA:71,0
DA:72,0
DA:73,0
DA:76,0
DA:77,0
DA:80,0
DA:81,0
DA:84,0
DA:85,0
DA:88,0
DA:90,0
DA:91,0
DA:92,0
DA:93,0
DA:94,0
DA:95,0
DA:101,0
DA:102,0
DA:103,0
DA:106,0
DA:109,0
DA:110,0
DA:111,0
DA:114,0
DA:115,0
DA:116,0
DA:118,0
DA:119,0
DA:151,0
DA:153,0
DA:157,0
DA:173,0
DA:175,0
DA:179,0
DA:195,0
DA:197,0
DA:201,0
DA:224,0
DA:226,0
DA:230,0
DA:253,0
DA:257,0
DA:258,0
DA:259,0
DA:260,0
DA:261,0
LF:60
LH:0
BRDA:38,0,0,0
BRDA:51,1,0,0
BRDA:64,2,0,0
BRDA:64,2,1,0
BRDA:72,3,0,0
BRDA:90,4,0,0
BRDA:90,4,1,0
BRDA:93,5,0,0
BRDA:102,6,0,0
BRDA:102,7,0,0
BRDA:102,7,1,0
BRDA:110,8,0,0
BRDA:130,9,0,0
BRDA:130,9,1,0
BRDA:130,10,0,0
BRDA:130,10,1,0
BRDA:165,11,0,0
BRDA:165,11,1,0
BRDA:188,12,0,0
BRDA:188,12,1,0
BRDA:200,13,0,0
BRDA:200,14,0,0
BRDA:210,15,0,0
BRDA:210,15,1,0
BRDA:229,16,0,0
BRDA:229,17,0,0
BRDA:239,18,0,0
BRDA:239,18,1,0
BRF:28
BRH:0
end_of_record
TN:
SF:components\ui\chart.tsx
FN:27,useChart
FN:45,(anonymous_11)
FN:70,(anonymous_12)
FN:72,(anonymous_13)
FN:84,(anonymous_14)
FN:87,(anonymous_15)
FN:116,(anonymous_16)
FN:136,(anonymous_17)
FN:188,(anonymous_18)
FN:269,(anonymous_19)
FN:288,(anonymous_20)
FN:320,getPayloadConfigFromPayload
FNF:12
FNH:0
FNDA:0,useChart
FNDA:0,(anonymous_11)
FNDA:0,(anonymous_12)
FNDA:0,(anonymous_13)
FNDA:0,(anonymous_14)
FNDA:0,(anonymous_15)
FNDA:0,(anonymous_16)
FNDA:0,(anonymous_17)
FNDA:0,(anonymous_18)
FNDA:0,(anonymous_19)
FNDA:0,(anonymous_20)
FNDA:0,getPayloadConfigFromPayload
DA:3,0
DA:4,0
DA:6,0
DA:9,0
DA:25,0
DA:28,0
DA:30,0
DA:31,0
DA:34,0
DA:37,0
DA:46,0
DA:47,0
DA:68,0
DA:70,0
DA:71,0
DA:72,0
DA:75,0
DA:76,0
DA:84,0
DA:89,0
DA:91,0
DA:103,0
DA:105,0
DA:134,0
DA:136,0
DA:137,0
DA:138,0
DA:141,0
DA:142,0
DA:143,0
DA:145,0
DA:149,0
DA:157,0
DA:158,0
DA:172,0
DA:173,0
DA:176,0
DA:189,0
DA:190,0
DA:191,0
DA:193,0
DA:257,0
DA:259,0
DA:261,0
DA:273,0
DA:275,0
DA:276,0
DA:289,0
DA:290,0
DA:292,0
DA:317,0
DA:325,0
DA:326,0
DA:330,0
DA:336,0
DA:338,0
DA:342,0
DA:343,0
DA:348,0
DA:353,0
DA:359,0
DA:360,0
DA:361,0
DA:362,0
DA:363,0
DA:364,0
LF:66
LH:0
BRDA:30,0,0,0
BRDA:47,1,0,0
BRDA:47,1,1,0
BRDA:72,2,0,0
BRDA:72,2,1,0
BRDA:75,3,0,0
BRDA:89,4,0,0
BRDA:89,4,1,0
BRDA:91,5,0,0
BRDA:91,5,1,0
BRDA:121,6,0,0
BRDA:122,7,0,0
BRDA:123,8,0,0
BRDA:137,9,0,0
BRDA:137,10,0,0
BRDA:137,10,1,0
BRDA:142,11,0,0
BRDA:142,11,1,0
BRDA:142,11,2,0
BRDA:142,11,3,0
BRDA:145,12,0,0
BRDA:145,12,1,0
BRDA:145,13,0,0
BRDA:145,13,1,0
BRDA:146,14,0,0
BRDA:146,14,1,0
BRDA:149,15,0,0
BRDA:157,16,0,0
BRDA:172,17,0,0
BRDA:172,18,0,0
BRDA:172,18,1,0
BRDA:176,19,0,0
BRDA:176,19,1,0
BRDA:186,20,0,0
BRDA:186,20,1,0
BRDA:189,21,0,0
BRDA:189,21,1,0
BRDA:189,21,2,0
BRDA:189,21,3,0
BRDA:191,22,0,0
BRDA:191,22,1,0
BRDA:191,22,2,0
BRDA:198,23,0,0
BRDA:198,23,1,0
BRDA:202,24,0,0
BRDA:201,25,0,0
BRDA:201,25,1,0
BRDA:201,25,2,0
BRDA:206,26,0,0
BRDA:208,27,0,0
BRDA:217,28,0,0
BRDA:217,28,1,0
BRDA:232,29,0,0
BRDA:232,29,1,0
BRDA:236,30,0,0
BRDA:236,30,1,0
BRDA:238,31,0,0
BRDA:238,31,1,0
BRDA:241,32,0,0
BRDA:270,33,0,0
BRDA:270,34,0,0
BRDA:275,35,0,0
BRDA:284,36,0,0
BRDA:284,36,1,0
BRDA:289,37,0,0
BRDA:289,37,1,0
BRDA:289,37,2,0
BRDA:300,38,0,0
BRDA:299,39,0,0
BRDA:299,39,1,0
BRDA:325,40,0,0
BRDA:325,41,0,0
BRDA:325,41,1,0
BRDA:330,42,0,0
BRDA:330,42,1,0
BRDA:330,43,0,0
BRDA:330,43,1,0
BRDA:330,43,2,0
BRDA:338,44,0,0
BRDA:338,44,1,0
BRDA:339,45,0,0
BRDA:339,45,1,0
BRDA:343,46,0,0
BRDA:344,47,0,0
BRDA:344,47,1,0
BRDA:344,47,2,0
BRDA:353,48,0,0
BRDA:353,48,1,0
BRF:88
BRH:0
end_of_record
TN:
SF:components\ui\checkbox.tsx
FNF:0
FNH:0
DA:3,0
DA:4,0
DA:5,0
DA:7,0
DA:28,0
DA:30,0
LF:6
LH:0
BRF:0
BRH:0
end_of_record
TN:
SF:components\ui\collapsible.tsx
FNF:0
FNH:0
DA:3,0
DA:5,0
DA:7,0
DA:9,0
DA:11,0
LF:5
LH:0
BRF:0
BRH:0
end_of_record
TN:
SF:components\ui\command.tsx
FN:26,(anonymous_14)
FN:127,(anonymous_21)
FNF:2
FNH:0
FNDA:0,(anonymous_14)
FNDA:0,(anonymous_21)
DA:3,0
DA:5,0
DA:6,0
DA:8,0
DA:9,0
DA:24,0
DA:26,0
DA:55,0
DA:68,0
DA:81,0
DA:97,0
DA:109,0
DA:125,0
DA:127,0
DA:141,0
DA:144,0
DA:145,0
DA:146,0
DA:147,0
DA:148,0
DA:149,0
DA:150,0
DA:151,0
DA:152,0
LF:24
LH:0
BRF:0
BRH:0
end_of_record
TN:
SF:components\ui\context-menu.tsx
FN:168,(anonymous_27)
FNF:1
FNH:0
FNDA:0,(anonymous_27)
DA:3,0
DA:4,0
DA:5,0
DA:7,0
DA:9,0
DA:11,0
DA:13,0
DA:15,0
DA:17,0
DA:19,0
DA:40,0
DA:55,0
DA:72,0
DA:90,0
DA:113,0
DA:136,0
DA:154,0
DA:166,0
DA:168,0
DA:182,0
DA:185,0
DA:186,0
DA:187,0
DA:188,0
DA:189,0
DA:190,0
DA:191,0
DA:192,0
DA:193,0
DA:194,0
DA:195,0
DA:196,0
DA:197,0
DA:198,0
DA:199,0
LF:35
LH:0
BRDA:31,0,0,0
BRDA:31,0,1,0
BRDA:84,1,0,0
BRDA:84,1,1,0
BRDA:148,2,0,0
BRDA:148,2,1,0
BRF:6
BRH:0
end_of_record
TN:
SF:components\ui\dialog.tsx
FNF:0
FNH:0
DA:3,0
DA:4,0
DA:5,0
DA:7,0
DA:9,0
DA:11,0
DA:13,0
DA:15,0
DA:30,0
DA:54,0
DA:68,0
DA:82,0
DA:97,0
DA:109,0
DA:112,0
DA:113,0
DA:114,0
DA:115,0
DA:116,0
DA:117,0
DA:118,0
DA:119,0
DA:120,0
DA:121,0
LF:24
LH:0
BRF:0
BRH:0
end_of_record
TN:
SF:components\ui\drawer.tsx
FNF:0
FNH:0
DA:3,0
DA:4,0
DA:6,0
DA:17,0
DA:19,0
DA:21,0
DA:23,0
DA:35,0
DA:56,0
DA:67,0
DA:78,0
DA:93,0
DA:105,0
DA:108,0
DA:109,0
DA:110,0
DA:111,0
DA:112,0
DA:113,0
DA:114,0
DA:115,0
DA:116,0
DA:117,0
LF:23
LH:0
BRDA:9,0,0,0
BRF:1
BRH:0
end_of_record
TN:
SF:components\ui\dropdown-menu.tsx
FN:171,(anonymous_27)
FNF:1
FNH:0
FNDA:0,(anonymous_27)
DA:3,0
DA:4,0
DA:5,0
DA:7,0
DA:9,0
DA:11,0
DA:13,0
DA:15,0
DA:17,0
DA:19,0
DA:40,0
DA:56,0
DA:75,0
DA:93,0
DA:116,0
DA:139,0
DA:157,0
DA:169,0
DA:171,0
DA:182,0
DA:185,0
DA:186,0
DA:187,0
DA:188,0
DA:189,0
DA:190,0
DA:191,0
DA:192,0
DA:193,0
DA:194,0
DA:195,0
DA:196,0
DA:197,0
DA:198,0
DA:199,0
LF:35
LH:0
BRDA:31,0,0,0
BRDA:31,0,1,0
BRDA:62,1,0,0
BRDA:87,2,0,0
BRDA:87,2,1,0
BRDA:151,3,0,0
BRDA:151,3,1,0
BRF:7
BRH:0
end_of_record
TN:
SF:components\ui\form.tsx
FN:29,(anonymous_12)
FN:42,(anonymous_13)
FN:72,(anonymous_14)
FN:87,(anonymous_15)
FN:95,(anonymous_16)
FN:112,(anonymous_17)
FN:121,(anonymous_18)
FNF:7
FNH:0
FNDA:0,(anonymous_12)
FNDA:0,(anonymous_13)
FNDA:0,(anonymous_14)
FNDA:0,(anonymous_15)
FNDA:0,(anonymous_16)
FNDA:0,(anonymous_17)
FNDA:0,(anonymous_18)
DA:3,0
DA:5,0
DA:13,0
DA:15,0
DA:16,0
DA:18,0
DA:27,0
DA:29,0
DA:42,0
DA:43,0
DA:44,0
DA:45,0
DA:47,0
DA:49,0
DA:50,0
DA:53,0
DA:55,0
DA:69,0
DA:71,0
DA:73,0
DA:82,0
DA:84,0
DA:88,0
DA:92,0
DA:94,0
DA:96,0
DA:109,0
DA:111,0
DA:113,0
DA:118,0
DA:120,0
DA:122,0
DA:123,0
DA:125,0
DA:126,0
DA:136,0
DA:138,0
LF:37
LH:0
BRDA:49,0,0,0
BRDA:90,1,0,0
BRDA:90,1,1,0
BRDA:102,2,0,0
BRDA:102,2,1,0
BRDA:123,3,0,0
BRDA:123,3,1,0
BRDA:125,4,0,0
BRF:8
BRH:0
end_of_record
TN:
SF:components\ui\hover-card.tsx
FNF:0
FNH:0
DA:3,0
DA:4,0
DA:6,0
DA:8,0
DA:10,0
DA:27,0
DA:29,0
LF:7
LH:0
BRDA:15,0,0,0
BRDA:15,1,0,0
BRF:2
BRH:0
end_of_record
TN:
SF:components\ui\input-otp.tsx
FN:36,(anonymous_10)
FNF:1
FNH:0
FNDA:0,(anonymous_10)
DA:3,0
DA:4,0
DA:5,0
DA:7,0
DA:23,0
DA:31,0
DA:33,0
DA:37,0
DA:38,0
DA:59,0
DA:69,0
DA:71,0
LF:12
LH:0
BRDA:45,0,0,0
BRDA:45,0,1,0
BRDA:51,1,0,0
BRF:3
BRH:0
end_of_record
TN:
SF:components\ui\input.tsx
FN:6,(anonymous_4)
FNF:1
FNH:1
FNDA:15,(anonymous_4)
DA:1,1
DA:3,1
DA:5,1
DA:20,1
DA:22,15
LF:5
LH:5
BRF:0
BRH:0
end_of_record
TN:
SF:components\ui\label.tsx
FNF:0
FNH:0
DA:3,0
DA:4,0
DA:5,0
DA:7,0
DA:9,0
DA:17,0
DA:19,0
LF:7
LH:0
BRF:0
BRH:0
end_of_record
TN:
SF:components\ui\menubar.tsx
FN:203,(anonymous_30)
FNF:1
FNH:0
FNDA:0,(anonymous_30)
DA:3,0
DA:4,0
DA:5,0
DA:7,0
DA:9,0
DA:11,0
DA:13,0
DA:15,0
DA:17,0
DA:32,0
DA:47,0
DA:68,0
DA:83,0
DA:108,0
DA:126,0
DA:149,0
DA:171,0
DA:189,0
DA:201,0
DA:203,0
DA:217,0
DA:220,0
DA:221,0
DA:222,0
DA:223,0
DA:224,0
DA:225,0
DA:226,0
DA:227,0
DA:228,0
DA:229,0
DA:230,0
DA:231,0
DA:232,0
DA:233,0
DA:234,0
DA:235,0
LF:37
LH:0
BRDA:59,0,0,0
BRDA:59,0,1,0
BRDA:90,1,0,0
BRDA:90,2,0,0
BRDA:90,3,0,0
BRDA:120,4,0,0
BRDA:120,4,1,0
BRDA:183,5,0,0
BRDA:183,5,1,0
BRF:9
BRH:0
end_of_record
TN:
SF:components\ui\navigation-menu.tsx
FNF:0
FNH:0
DA:1,0
DA:2,0
DA:3,0
DA:4,0
DA:6,0
DA:24,0
DA:39,0
DA:41,0
DA:43,0
DA:63,0
DA:78,0
DA:80,0
DA:97,0
DA:115,0
DA:119,0
DA:120,0
DA:121,0
DA:122,0
DA:123,0
DA:124,0
DA:125,0
DA:126,0
DA:127,0
LF:23
LH:0
BRF:0
BRH:0
end_of_record
TN:
SF:components\ui\pagination.tsx
FNF:0
FNH:0
DA:1,0
DA:2,0
DA:4,0
DA:5,0
DA:15,0
DA:27,0
DA:35,0
DA:60,0
DA:76,0
DA:92,0
DA:107,0
DA:110,0
DA:111,0
DA:112,0
DA:113,0
DA:114,0
DA:115,0
DA:116,0
LF:18
LH:0
BRDA:45,0,0,0
BRDA:49,1,0,0
BRDA:49,1,1,0
BRDA:52,2,0,0
BRDA:52,2,1,0
BRF:5
BRH:0
end_of_record
TN:
SF:components\ui\popover.tsx
FNF:0
FNH:0
DA:3,0
DA:4,0
DA:6,0
DA:8,0
DA:10,0
DA:29,0
DA:31,0
LF:7
LH:0
BRDA:15,0,0,0
BRDA:15,1,0,0
BRF:2
BRH:0
end_of_record
TN:
SF:components\ui\progress.tsx
FNF:0
FNH:0
DA:3,1
DA:4,1
DA:6,1
DA:26,1
DA:28,1
LF:5
LH:5
BRDA:22,0,0,1
BRDA:22,0,1,0
BRF:2
BRH:1
end_of_record
TN:
SF:components\ui\radio-group.tsx
FN:12,(anonymous_6)
FN:26,(anonymous_7)
FNF:2
FNH:0
FNDA:0,(anonymous_6)
FNDA:0,(anonymous_7)
DA:3,0
DA:4,0
DA:5,0
DA:7,0
DA:9,0
DA:21,0
DA:23,0
DA:42,0
DA:44,0
LF:9
LH:0
BRF:0
BRH:0
end_of_record
TN:
SF:components\ui\resizable.tsx
FNF:0
FNH:0
DA:3,0
DA:4,0
DA:6,0
DA:21,0
DA:45,0
LF:5
LH:0
BRDA:37,0,0,0
BRF:1
BRH:0
end_of_record
TN:
SF:components\ui\scroll-area.tsx
FNF:0
FNH:0
DA:3,0
DA:4,0
DA:6,0
DA:24,0
DA:46,0
DA:48,0
LF:6
LH:0
BRDA:29,0,0,0
BRDA:35,1,0,0
BRDA:35,1,1,0
BRDA:37,2,0,0
BRDA:37,2,1,0
BRF:5
BRH:0
end_of_record
TN:
SF:components\ui\select.tsx
FNF:0
FNH:0
DA:3,1
DA:4,1
DA:5,1
DA:7,1
DA:9,1
DA:11,1
DA:13,1
DA:33,1
DA:47,1
DA:61,1
DA:93,1
DA:101,1
DA:123,1
DA:131,1
DA:134,45
DA:135,0
DA:136,45
DA:137,45
DA:138,45
DA:139,0
DA:140,180
DA:141,0
DA:142,0
DA:143,0
LF:24
LH:19
BRDA:66,0,0,45
BRDA:72,1,0,45
BRDA:72,1,1,45
BRDA:83,2,0,45
BRDA:83,2,1,45
BRF:5
BRH:5
end_of_record
TN:
SF:components\ui\separator.tsx
FNF:0
FNH:0
DA:3,2
DA:4,2
DA:6,2
DA:29,2
DA:31,84
LF:5
LH:5
BRDA:13,0,0,84
BRDA:13,1,0,84
BRDA:22,2,0,84
BRDA:22,2,1,0
BRF:4
BRH:3
end_of_record
TN:
SF:components\ui\sheet.tsx
FNF:0
FNH:0
DA:3,0
DA:4,0
DA:5,0
DA:6,0
DA:8,0
DA:10,0
DA:12,0
DA:14,0
DA:16,0
DA:31,0
DA:33,0
DA:75,0
DA:89,0
DA:103,0
DA:115,0
DA:127,0
DA:130,0
DA:131,0
DA:132,0
DA:133,0
DA:134,0
DA:135,0
DA:136,0
DA:137,0
DA:138,0
DA:139,0
LF:26
LH:0
BRDA:59,0,0,0
BRF:1
BRH:0
end_of_record
TN:
SF:components\ui\sidebar.tsx
FN:41,useSidebar
FN:58,(anonymous_29)
FN:78,(anonymous_30)
FN:93,(anonymous_31)
FN:95,(anonymous_32)
FN:96,(anonymous_33)
FN:100,(anonymous_34)
FN:101,(anonymous_35)
FN:112,(anonymous_36)
FN:120,(anonymous_37)
FN:167,(anonymous_38)
FN:265,(anonymous_39)
FN:275,(anonymous_40)
FN:291,(anonymous_41)
FN:320,(anonymous_42)
FN:338,(anonymous_43)
FN:356,(anonymous_44)
FN:371,(anonymous_45)
FN:386,(anonymous_46)
FN:401,(anonymous_47)
FN:419,(anonymous_48)
FN:434,(anonymous_49)
FN:455,(anonymous_50)
FN:544,(anonymous_54)
FN:601,(anonymous_55)
FN:652,(anonymous_57)
FN:654,(anonymous_58)
FN:715,(anonymous_61)
FNF:28
FNH:0
FNDA:0,useSidebar
FNDA:0,(anonymous_29)
FNDA:0,(anonymous_30)
FNDA:0,(anonymous_31)
FNDA:0,(anonymous_32)
FNDA:0,(anonymous_33)
FNDA:0,(anonymous_34)
FNDA:0,(anonymous_35)
FNDA:0,(anonymous_36)
FNDA:0,(anonymous_37)
FNDA:0,(anonymous_38)
FNDA:0,(anonymous_39)
FNDA:0,(anonymous_40)
FNDA:0,(anonymous_41)
FNDA:0,(anonymous_42)
FNDA:0,(anonymous_43)
FNDA:0,(anonymous_44)
FNDA:0,(anonymous_45)
FNDA:0,(anonymous_46)
FNDA:0,(anonymous_47)
FNDA:0,(anonymous_48)
FNDA:0,(anonymous_49)
FNDA:0,(anonymous_50)
FNDA:0,(anonymous_54)
FNDA:0,(anonymous_55)
FNDA:0,(anonymous_57)
FNDA:0,(anonymous_58)
FNDA:0,(anonymous_61)
DA:3,0
DA:4,0
DA:5,0
DA:6,0
DA:8,0
DA:9,0
DA:10,0
DA:11,0
DA:12,0
DA:13,0
DA:14,0
DA:20,0
DA:22,0
DA:23,0
DA:24,0
DA:25,0
DA:26,0
DA:27,0
DA:39,0
DA:42,0
DA:43,0
DA:44,0
DA:47,0
DA:50,0
DA:70,0
DA:71,0
DA:75,0
DA:76,0
DA:77,0
DA:79,0
DA:80,0
DA:81,0
DA:83,0
DA:87,0
DA:93,0
DA:94,0
DA:95,0
DA:96,0
DA:100,0
DA:101,0
DA:102,0
DA:106,0
DA:107,0
DA:111,0
DA:112,0
DA:117,0
DA:119,0
DA:120,0
DA:157,0
DA:159,0
DA:178,0
DA:180,0
DA:195,0
DA:260,0
DA:262,0
DA:266,0
DA:276,0
DA:277,0
DA:286,0
DA:288,0
DA:292,0
DA:315,0
DA:317,0
DA:333,0
DA:335,0
DA:351,0
DA:353,0
DA:366,0
DA:368,0
DA:381,0
DA:383,0
DA:396,0
DA:398,0
DA:414,0
DA:416,0
DA:429,0
DA:431,0
DA:435,0
DA:450,0
DA:452,0
DA:456,0
DA:473,0
DA:486,0
DA:499,0
DA:512,0
DA:514,0
DA:536,0
DA:556,0
DA:557,0
DA:570,0
DA:571,0
DA:574,0
DA:575,0
DA:593,0
DA:595,0
DA:602,0
DA:624,0
DA:645,0
DA:647,0
DA:654,0
DA:655,0
DA:683,0
DA:700,0
DA:706,0
DA:708,0
DA:716,0
DA:736,0
DA:739,0
DA:740,0
DA:741,0
DA:742,0
DA:743,0
DA:744,0
DA:745,0
DA:746,0
DA:747,0
DA:748,0
DA:749,0
DA:750,0
DA:751,0
DA:752,0
DA:753,0
DA:754,0
DA:755,0
DA:756,0
DA:757,0
DA:758,0
DA:759,0
DA:760,0
DA:761,0
DA:762,0
LF:131
LH:0
BRDA:43,0,0,0
BRDA:60,1,0,0
BRDA:76,2,0,0
BRDA:76,2,1,0
BRDA:79,3,0,0
BRDA:79,3,1,0
BRDA:80,4,0,0
BRDA:80,4,1,0
BRDA:94,5,0,0
BRDA:94,5,1,0
BRDA:102,6,0,0
BRDA:103,7,0,0
BRDA:103,7,1,0
BRDA:103,7,2,0
BRDA:117,8,0,0
BRDA:117,8,1,0
BRDA:169,9,0,0
BRDA:170,10,0,0
BRDA:171,11,0,0
BRDA:180,12,0,0
BRDA:195,13,0,0
BRDA:220,14,0,0
BRDA:220,14,1,0
BRDA:230,15,0,0
BRDA:230,15,1,0
BRDA:230,16,0,0
BRDA:230,16,1,0
BRDA:238,17,0,0
BRDA:238,17,1,0
BRDA:242,18,0,0
BRDA:242,18,1,0
BRDA:242,19,0,0
BRDA:242,19,1,0
BRDA:434,20,0,0
BRDA:435,21,0,0
BRDA:435,21,1,0
BRDA:455,22,0,0
BRDA:456,23,0,0
BRDA:456,23,1,0
BRDA:546,24,0,0
BRDA:547,25,0,0
BRDA:548,26,0,0
BRDA:549,27,0,0
BRDA:556,28,0,0
BRDA:556,28,1,0
BRDA:570,29,0,0
BRDA:574,30,0,0
BRDA:586,31,0,0
BRDA:586,31,1,0
BRDA:601,32,0,0
BRDA:601,33,0,0
BRDA:602,34,0,0
BRDA:602,34,1,0
BRDA:616,35,0,0
BRDA:616,35,1,0
BRDA:652,36,0,0
BRDA:665,37,0,0
BRDA:715,38,0,0
BRDA:715,39,0,0
BRDA:716,40,0,0
BRDA:716,40,1,0
BRDA:727,41,0,0
BRDA:727,41,1,0
BRDA:728,42,0,0
BRDA:728,42,1,0
BRF:65
BRH:0
end_of_record
TN:
SF:components\ui\skeleton.tsx
FN:3,Skeleton
FNF:1
FNH:0
FNDA:0,Skeleton
DA:1,0
DA:15,0
LF:2
LH:0
BRF:0
BRH:0
end_of_record
TN:
SF:components\ui\slider.tsx
FNF:0
FNH:0
DA:3,0
DA:4,0
DA:6,0
DA:23,0
DA:25,0
LF:5
LH:0
BRF:0
BRH:0
end_of_record
TN:
SF:components\ui\sonner.tsx
FN:8,(anonymous_1)
FNF:1
FNH:0
FNDA:0,(anonymous_1)
DA:3,0
DA:4,0
DA:8,0
DA:9,0
DA:31,0
LF:5
LH:0
BRDA:9,0,0,0
BRF:1
BRH:0
end_of_record
TN:
SF:components\ui\switch.tsx
FNF:0
FNH:0
DA:3,0
DA:4,0
DA:6,0
DA:27,0
DA:29,0
LF:5
LH:0
BRF:0
BRH:0
end_of_record
TN:
SF:components\ui\table.tsx
FNF:0
FNH:0
DA:1,0
DA:3,0
DA:17,0
DA:25,0
DA:37,0
DA:52,0
DA:67,0
DA:82,0
DA:94,0
DA:106,0
DA:109,0
DA:110,0
DA:111,0
DA:112,0
DA:113,0
DA:114,0
DA:115,0
DA:116,0
LF:18
LH:0
BRF:0
BRH:0
end_of_record
TN:
SF:components\ui\tabs.tsx
FNF:0
FNH:0
DA:3,3
DA:4,3
DA:6,3
DA:8,3
DA:20,3
DA:35,3
DA:50,3
DA:52,152
LF:8
LH:8
BRF:0
BRH:0
end_of_record
TN:
SF:components\ui\textarea.tsx
FN:11,(anonymous_4)
FNF:1
FNH:0
FNDA:0,(anonymous_4)
DA:1,0
DA:3,0
DA:11,0
DA:23,0
DA:25,0
LF:5
LH:0
BRF:0
BRH:0
end_of_record
TN:
SF:components\ui\toast.tsx
FN:47,(anonymous_12)
FNF:1
FNH:0
FNDA:0,(anonymous_12)
DA:3,0
DA:4,0
DA:5,0
DA:6,0
DA:8,0
DA:10,0
DA:25,0
DA:27,0
DA:43,0
DA:56,0
DA:71,0
DA:89,0
DA:101,0
DA:113,0
DA:122,0
DA:123,0
DA:124,0
DA:125,0
DA:126,0
DA:127,0
DA:128,0
LF:21
LH:0
BRF:0
BRH:0
end_of_record
TN:
SF:components\ui\toaster.tsx
FN:13,Toaster
FN:18,(anonymous_2)
FNF:2
FNH:0
FNDA:0,Toaster
FNDA:0,(anonymous_2)
DA:3,0
DA:11,0
DA:13,0
DA:14,0
DA:19,0
LF:5
LH:0
BRDA:22,0,0,0
BRDA:23,1,0,0
BRF:2
BRH:0
end_of_record
TN:
SF:components\ui\toggle-group.tsx
FN:39,(anonymous_7)
FNF:1
FNH:0
FNDA:0,(anonymous_7)
DA:3,0
DA:4,0
DA:7,0
DA:8,0
DA:10,0
DA:33,0
DA:35,0
DA:40,0
DA:59,0
DA:61,0
LF:10
LH:0
BRDA:47,0,0,0
BRDA:47,0,1,0
BRDA:48,1,0,0
BRDA:48,1,1,0
BRF:4
BRH:0
end_of_record
TN:
SF:components\ui\toggle.tsx
FNF:0
FNH:0
DA:3,0
DA:4,0
DA:5,0
DA:7,0
DA:9,0
DA:43,0
DA:45,0
LF:7
LH:0
BRF:0
BRH:0
end_of_record
TN:
SF:components\ui\tooltip.tsx
FNF:0
FNH:0
DA:3,0
DA:4,0
DA:6,0
DA:8,0
DA:10,0
DA:12,0
DA:28,0
DA:30,0
LF:8
LH:0
BRDA:17,0,0,0
BRF:1
BRH:0
end_of_record
TN:
SF:components\ui\use-mobile.tsx
FN:5,useIsMobile
FN:8,(anonymous_5)
FN:10,(anonymous_6)
FN:15,(anonymous_7)
FNF:4
FNH:0
FNDA:0,useIsMobile
FNDA:0,(anonymous_5)
FNDA:0,(anonymous_6)
FNDA:0,(anonymous_7)
DA:1,0
DA:3,0
DA:5,0
DA:6,0
DA:8,0
DA:9,0
DA:10,0
DA:11,0
DA:13,0
DA:14,0
DA:15,0
DA:18,0
LF:12
LH:0
BRF:0
BRH:0
end_of_record
TN:
SF:components\ui\use-toast.ts
FN:30,genId
FN:61,(anonymous_8)
FN:66,(anonymous_9)
FN:77,(anonymous_10)
FN:88,(anonymous_11)
FN:101,(anonymous_12)
FN:108,(anonymous_13)
FN:127,(anonymous_14)
FN:136,dispatch
FN:138,(anonymous_16)
FN:145,toast
FN:148,(anonymous_18)
FN:153,(anonymous_19)
FN:161,(anonymous_20)
FN:174,useToast
FN:177,(anonymous_22)
FN:179,(anonymous_23)
FN:190,(anonymous_24)
FNF:18
FNH:0
FNDA:0,genId
FNDA:0,(anonymous_8)
FNDA:0,(anonymous_9)
FNDA:0,(anonymous_10)
FNDA:0,(anonymous_11)
FNDA:0,(anonymous_12)
FNDA:0,(anonymous_13)
FNDA:0,(anonymous_14)
FNDA:0,dispatch
FNDA:0,(anonymous_16)
FNDA:0,toast
FNDA:0,(anonymous_18)
FNDA:0,(anonymous_19)
FNDA:0,(anonymous_20)
FNDA:0,useToast
FNDA:0,(anonymous_22)
FNDA:0,(anonymous_23)
FNDA:0,(anonymous_24)
DA:4,0
DA:11,0
DA:12,0
DA:21,0
DA:28,0
DA:31,0
DA:32,0
DA:59,0
DA:61,0
DA:62,0
DA:63,0
DA:66,0
DA:67,0
DA:68,0
DA:74,0
DA:77,0
DA:78,0
DA:80,0
DA:86,0
DA:89,0
DA:94,0
DA:98,0
DA:99,0
DA:101,0
DA:102,0
DA:106,0
DA:109,0
DA:119,0
DA:120,0
DA:125,0
DA:127,0
DA:132,0
DA:134,0
DA:137,0
DA:138,0
DA:139,0
DA:146,0
DA:148,0
DA:149,0
DA:153,0
DA:155,0
DA:162,0
DA:167,0
DA:175,0
DA:177,0
DA:178,0
DA:179,0
DA:180,0
DA:181,0
DA:182,0
DA:187,0
DA:190,0
DA:194,0
LF:53
LH:0
BRDA:62,0,0,0
BRDA:78,1,0,0
BRDA:78,1,1,0
BRDA:78,1,2,0
BRDA:78,1,3,0
BRDA:89,2,0,0
BRDA:89,2,1,0
BRDA:98,3,0,0
BRDA:98,3,1,0
BRDA:109,4,0,0
BRDA:109,4,1,0
BRDA:109,5,0,0
BRDA:109,5,1,0
BRDA:119,6,0,0
BRDA:162,7,0,0
BRDA:181,8,0,0
BRF:16
BRH:0
end_of_record
TN:
SF:lib\accessibility.ts
FN:8,(anonymous_13)
FN:13,(anonymous_14)
FN:24,(anonymous_15)
FN:30,(anonymous_16)
FN:36,(anonymous_17)
FN:43,(anonymous_18)
FN:50,(anonymous_19)
FN:57,(anonymous_20)
FN:74,(anonymous_21)
FN:81,(anonymous_22)
FN:104,(anonymous_23)
FN:123,(anonymous_24)
FN:126,(anonymous_25)
FN:135,(anonymous_26)
FN:141,(anonymous_27)
FN:144,(anonymous_28)
FN:151,(anonymous_29)
FN:155,(anonymous_30)
FN:167,(anonymous_31)
FN:169,(anonymous_32)
FN:187,(anonymous_33)
FN:207,(anonymous_34)
FN:223,(anonymous_35)
FN:228,(anonymous_36)
FN:237,(anonymous_37)
FN:247,(anonymous_38)
FN:262,(anonymous_39)
FN:307,useAccessibility
FN:338,hexToRgb
FN:351,getRelativeLuminance
FN:352,(anonymous_43)
FN:364,calculateContrastRatio
FN:388,validateContrast
FN:473,getRecommendedTextColor
FN:483,isAcademicAccessible
FN:496,generateAccessibilityReport
FN:516,(anonymous_49)
FN:522,(anonymous_50)
FN:578,generateColorVariations
FNF:39
FNH:0
FNDA:0,(anonymous_13)
FNDA:0,(anonymous_14)
FNDA:0,(anonymous_15)
FNDA:0,(anonymous_16)
FNDA:0,(anonymous_17)
FNDA:0,(anonymous_18)
FNDA:0,(anonymous_19)
FNDA:0,(anonymous_20)
FNDA:0,(anonymous_21)
FNDA:0,(anonymous_22)
FNDA:0,(anonymous_23)
FNDA:0,(anonymous_24)
FNDA:0,(anonymous_25)
FNDA:0,(anonymous_26)
FNDA:0,(anonymous_27)
FNDA:0,(anonymous_28)
FNDA:0,(anonymous_29)
FNDA:0,(anonymous_30)
FNDA:0,(anonymous_31)
FNDA:0,(anonymous_32)
FNDA:0,(anonymous_33)
FNDA:0,(anonymous_34)
FNDA:0,(anonymous_35)
FNDA:0,(anonymous_36)
FNDA:0,(anonymous_37)
FNDA:0,(anonymous_38)
FNDA:0,(anonymous_39)
FNDA:0,useAccessibility
FNDA:0,hexToRgb
FNDA:0,getRelativeLuminance
FNDA:0,(anonymous_43)
FNDA:0,calculateContrastRatio
FNDA:0,validateContrast
FNDA:0,getRecommendedTextColor
FNDA:0,isAcademicAccessible
FNDA:0,generateAccessibilityReport
FNDA:0,(anonymous_49)
FNDA:0,(anonymous_50)
FNDA:0,generateColorVariations
DA:1,0
DA:4,0
DA:8,0
DA:14,0
DA:18,0
DA:24,0
DA:30,0
DA:36,0
DA:43,0
DA:50,0
DA:57,0
DA:75,0
DA:78,0
DA:79,0
DA:81,0
DA:82,0
DA:83,0
DA:84,0
DA:85,0
DA:86,0
DA:89,0
DA:90,0
DA:91,0
DA:96,0
DA:97,0
DA:101,0
DA:102,0
DA:104,0
DA:105,0
DA:123,0
DA:127,0
DA:128,0
DA:129,0
DA:130,0
DA:131,0
DA:133,0
DA:135,0
DA:136,0
DA:142,0
DA:145,0
DA:152,0
DA:156,0
DA:169,0
DA:175,0
DA:176,0
DA:177,0
DA:188,0
DA:190,0
DA:194,0
DA:198,0
DA:202,0
DA:208,0
DA:224,0
DA:227,0
DA:228,0
DA:229,0
DA:230,0
DA:235,0
DA:236,0
DA:237,0
DA:238,0
DA:239,0
DA:240,0
DA:242,0
DA:246,0
DA:247,0
DA:248,0
DA:253,0
DA:254,0
DA:258,0
DA:267,0
DA:268,0
DA:271,0
DA:272,0
DA:273,0
DA:275,0
DA:281,0
DA:307,0
DA:308,0
DA:312,0
DA:316,0
DA:318,0
DA:328,0
DA:339,0
DA:340,0
DA:352,0
DA:353,0
DA:354,0
DA:357,0
DA:365,0
DA:366,0
DA:368,0
DA:369,0
DA:372,0
DA:373,0
DA:375,0
DA:376,0
DA:378,0
DA:388,0
DA:399,0
DA:402,0
DA:407,0
DA:418,0
DA:419,0
DA:421,0
DA:429,0
DA:430,0
DA:431,0
DA:432,0
DA:433,0
DA:434,0
DA:435,0
DA:439,0
DA:445,0
DA:473,0
DA:474,0
DA:475,0
DA:477,0
DA:483,0
DA:488,0
DA:489,0
DA:490,0
DA:496,0
DA:516,0
DA:522,0
DA:523,0
DA:525,0
DA:539,0
DA:578,0
DA:580,0
LF:130
LH:0
BRDA:14,0,0,0
BRDA:14,0,1,0
BRDA:15,1,0,0
BRDA:15,1,1,0
BRDA:16,2,0,0
BRDA:16,2,1,0
BRDA:44,3,0,0
BRDA:44,3,1,0
BRDA:47,4,0,0
BRDA:47,4,1,0
BRDA:82,5,0,0
BRDA:83,6,0,0
BRDA:83,6,1,0
BRDA:84,7,0,0
BRDA:89,8,0,0
BRDA:96,9,0,0
BRDA:126,10,0,0
BRDA:145,11,0,0
BRDA:145,11,1,0
BRDA:188,12,0,0
BRDA:188,12,1,0
BRDA:188,12,2,0
BRDA:188,12,3,0
BRDA:190,13,0,0
BRDA:190,13,1,0
BRDA:194,14,0,0
BRDA:194,14,1,0
BRDA:198,15,0,0
BRDA:198,15,1,0
BRDA:229,16,0,0
BRDA:239,17,0,0
BRDA:248,18,0,0
BRDA:248,18,1,0
BRDA:248,18,2,0
BRDA:248,18,3,0
BRDA:253,19,0,0
BRDA:271,20,0,0
BRDA:271,20,1,0
BRDA:272,21,0,0
BRDA:272,21,1,0
BRDA:308,22,0,0
BRDA:308,22,1,0
BRDA:312,23,0,0
BRDA:312,23,1,0
BRDA:340,24,0,0
BRDA:340,24,1,0
BRDA:354,25,0,0
BRDA:354,25,1,0
BRDA:368,26,0,0
BRDA:368,27,0,0
BRDA:368,27,1,0
BRDA:391,28,0,0
BRDA:392,29,0,0
BRDA:402,30,0,0
BRDA:402,30,1,0
BRDA:402,30,2,0
BRDA:402,30,3,0
BRDA:402,30,4,0
BRDA:418,31,0,0
BRDA:418,31,1,0
BRDA:429,32,0,0
BRDA:430,33,0,0
BRDA:430,33,1,0
BRDA:432,34,0,0
BRDA:432,34,1,0
BRDA:434,35,0,0
BRDA:434,36,0,0
BRDA:434,36,1,0
BRDA:477,37,0,0
BRDA:477,37,1,0
BRDA:486,38,0,0
BRDA:488,39,0,0
BRDA:488,39,1,0
BRF:73
BRH:0
end_of_record
TN:
SF:lib\analytics.ts
FN:14,(anonymous_9)
FN:24,(anonymous_10)
FN:35,(anonymous_11)
FN:53,(anonymous_12)
FN:67,(anonymous_13)
FN:80,(anonymous_14)
FN:93,(anonymous_15)
FN:106,(anonymous_16)
FN:118,(anonymous_17)
FN:131,(anonymous_18)
FN:144,(anonymous_19)
FN:156,(anonymous_20)
FN:168,(anonymous_21)
FN:181,(anonymous_22)
FN:195,(anonymous_23)
FN:212,(anonymous_24)
FN:230,(anonymous_25)
FNF:17
FNH:0
FNDA:0,(anonymous_9)
FNDA:0,(anonymous_10)
FNDA:0,(anonymous_11)
FNDA:0,(anonymous_12)
FNDA:0,(anonymous_13)
FNDA:0,(anonymous_14)
FNDA:0,(anonymous_15)
FNDA:0,(anonymous_16)
FNDA:0,(anonymous_17)
FNDA:0,(anonymous_18)
FNDA:0,(anonymous_19)
FNDA:0,(anonymous_20)
FNDA:0,(anonymous_21)
FNDA:0,(anonymous_22)
FNDA:0,(anonymous_23)
FNDA:0,(anonymous_24)
FNDA:0,(anonymous_25)
DA:2,0
DA:3,0
DA:14,0
DA:15,0
DA:17,0
DA:18,0
DA:19,0
DA:20,0
DA:23,0
DA:24,0
DA:25,0
DA:27,0
DA:28,0
DA:35,0
DA:36,0
DA:37,0
DA:53,0
DA:54,0
DA:55,0
DA:65,0
DA:68,0
DA:81,0
DA:94,0
DA:107,0
DA:119,0
DA:132,0
DA:145,0
DA:157,0
DA:169,0
DA:182,0
DA:195,0
DA:196,0
DA:197,0
DA:212,0
DA:213,0
DA:214,0
DA:228,0
DA:231,0
DA:232,0
DA:248,0
DA:258,0
LF:41
LH:0
BRDA:2,0,0,0
BRDA:2,0,1,0
BRDA:15,1,0,0
BRDA:15,2,0,0
BRDA:15,2,1,0
BRDA:15,2,2,0
BRDA:23,3,0,0
BRDA:23,3,1,0
BRDA:36,4,0,0
BRDA:36,5,0,0
BRDA:36,5,1,0
BRDA:36,5,2,0
BRDA:39,6,0,0
BRDA:39,6,1,0
BRDA:54,7,0,0
BRDA:54,8,0,0
BRDA:54,8,1,0
BRDA:54,8,2,0
BRDA:108,9,0,0
BRDA:108,9,1,0
BRDA:196,10,0,0
BRDA:196,11,0,0
BRDA:196,11,1,0
BRDA:201,12,0,0
BRDA:201,12,1,0
BRDA:213,13,0,0
BRDA:213,14,0,0
BRDA:213,14,1,0
BRDA:221,15,0,0
BRDA:221,15,1,0
BRDA:231,16,0,0
BRDA:231,17,0,0
BRDA:231,17,1,0
BRDA:231,17,2,0
BRF:34
BRH:0
end_of_record
TN:
SF:lib\critical-css.ts
FN:159,getCriticalCSS
FN:253,generateInlineCriticalCSS
FN:269,getCriticalCSSStyles
FN:280,getResourcePreloads
FN:310,getPerformanceHeaders
FNF:5
FNH:0
FNDA:0,getCriticalCSS
FNDA:0,generateInlineCriticalCSS
FNDA:0,getCriticalCSSStyles
FNDA:0,getResourcePreloads
FNDA:0,getPerformanceHeaders
DA:6,0
DA:159,0
DA:160,0
DA:163,0
DA:247,0
DA:253,0
DA:254,0
DA:257,0
DA:269,0
DA:270,0
DA:272,0
DA:280,0
DA:286,0
DA:310,0
DA:311,0
LF:15
LH:0
BRDA:247,0,0,0
BRDA:247,0,1,0
BRF:2
BRH:0
end_of_record
TN:
SF:lib\data.ts
FN:10,getNavItems
FN:15,getPersonalInfo
FN:20,getAboutInfo
FN:25,getExperienceInfo
FN:30,getCredentialsInfo
FN:35,getTechnicalSkillsInfo
FN:40,getSkillsInfo
FN:45,getMetaInfo
FN:50,getPortfolioData
FN:54,getExperienceData
FN:58,getEducationData
FNF:11
FNH:0
FNDA:0,getNavItems
FNDA:0,getPersonalInfo
FNDA:0,getAboutInfo
FNDA:0,getExperienceInfo
FNDA:0,getCredentialsInfo
FNDA:0,getTechnicalSkillsInfo
FNDA:0,getSkillsInfo
FNDA:0,getMetaInfo
FNDA:0,getPortfolioData
FNDA:0,getExperienceData
FNDA:0,getEducationData
DA:1,0
DA:4,0
DA:10,0
DA:11,0
DA:15,0
DA:16,0
DA:20,0
DA:21,0
DA:25,0
DA:26,0
DA:30,0
DA:31,0
DA:35,0
DA:36,0
DA:40,0
DA:41,0
DA:45,0
DA:46,0
DA:50,0
DA:51,0
DA:54,0
DA:55,0
DA:58,0
DA:59,0
LF:24
LH:0
BRF:0
BRH:0
end_of_record
TN:
SF:lib\performance-config.ts
FN:168,(anonymous_9)
FN:172,(anonymous_10)
FN:190,(anonymous_11)
FN:194,(anonymous_12)
FN:203,isSlowDevice
FN:214,shouldReduceAnimations
FN:220,getOptimalImageQuality
FN:225,getConnectionSpeed
FNF:8
FNH:0
FNDA:0,(anonymous_9)
FNDA:0,(anonymous_10)
FNDA:0,(anonymous_11)
FNDA:0,(anonymous_12)
FNDA:0,isSlowDevice
FNDA:0,shouldReduceAnimations
FNDA:0,getOptimalImageQuality
FNDA:0,getConnectionSpeed
DA:6,0
DA:165,0
DA:166,0
DA:169,0
DA:170,0
DA:172,0
DA:173,0
DA:174,0
DA:176,0
DA:184,0
DA:185,0
DA:191,0
DA:195,0
DA:200,0
DA:203,0
DA:205,0
DA:206,0
DA:208,0
DA:209,0
DA:211,0
DA:214,0
DA:215,0
DA:217,0
DA:220,0
DA:221,0
DA:222,0
DA:225,0
DA:226,0
DA:228,0
DA:229,0
DA:231,0
DA:232,0
DA:233,0
DA:234,0
DA:238,0
LF:35
LH:0
BRDA:181,0,0,0
BRDA:181,0,1,0
BRDA:184,1,0,0
BRDA:191,2,0,0
BRDA:191,2,1,0
BRDA:206,3,0,0
BRDA:208,4,0,0
BRDA:208,4,1,0
BRDA:209,5,0,0
BRDA:209,5,1,0
BRDA:211,6,0,0
BRDA:211,6,1,0
BRDA:215,7,0,0
BRDA:217,8,0,0
BRDA:217,8,1,0
BRDA:221,9,0,0
BRDA:226,10,0,0
BRDA:229,11,0,0
BRDA:232,12,0,0
BRDA:232,13,0,0
BRDA:232,13,1,0
BRDA:233,14,0,0
BRDA:248,15,0,0
BRDA:248,15,1,0
BRDA:249,16,0,0
BRDA:249,16,1,0
BRDA:257,17,0,0
BRDA:257,17,1,0
BRDA:272,18,0,0
BRDA:272,18,1,0
BRF:30
BRH:0
end_of_record
TN:
SF:lib\publications-data.ts
FN:254,getPublicationsData
FN:259,getAllPublications
FN:269,getPublicationsByStatus
FN:275,getPublicationsByYear
FN:276,(anonymous_20)
FN:280,getPublicationsByType
FN:296,getPublicationById
FN:297,(anonymous_23)
FN:301,searchPublications
FN:304,(anonymous_25)
FN:307,(anonymous_26)
FN:308,(anonymous_27)
FN:314,getRecentPublications
FN:316,(anonymous_29)
FN:321,formatCitation
FN:347,formatAPACitation
FN:376,getPublicationTypeLabel
FN:385,getPublicationTypeBadgeColor
FNF:18
FNH:12
FNDA:2,getPublicationsData
FNDA:5,getAllPublications
FNDA:0,getPublicationsByStatus
FNDA:0,getPublicationsByYear
FNDA:0,(anonymous_20)
FNDA:0,getPublicationsByType
FNDA:2,getPublicationById
FNDA:5,(anonymous_23)
FNDA:2,searchPublications
FNDA:8,(anonymous_25)
FNDA:5,(anonymous_26)
FNDA:8,(anonymous_27)
FNDA:0,getRecentPublications
FNDA:0,(anonymous_29)
FNDA:7,formatCitation
FNDA:1,formatAPACitation
FNDA:4,getPublicationTypeLabel
FNDA:4,getPublicationTypeBadgeColor
DA:1,1
DA:4,1
DA:104,1
DA:254,2
DA:255,2
DA:259,5
DA:260,5
DA:269,0
DA:271,0
DA:275,0
DA:276,0
DA:280,0
DA:281,0
DA:283,0
DA:285,0
DA:287,0
DA:289,0
DA:291,0
DA:296,2
DA:297,5
DA:301,2
DA:302,2
DA:304,2
DA:305,8
DA:307,5
DA:308,8
DA:314,0
DA:315,0
DA:316,0
DA:321,5
DA:322,7
DA:324,7
DA:326,4
DA:327,4
DA:330,1
DA:331,1
DA:332,1
DA:335,1
DA:338,1
DA:339,1
DA:342,1
DA:347,1
DA:348,1
DA:349,1
DA:353,0
DA:354,0
DA:356,0
DA:357,0
DA:358,0
DA:361,0
DA:362,0
DA:363,0
DA:366,0
DA:367,0
DA:368,0
DA:372,0
DA:376,4
DA:377,4
DA:378,3
DA:379,2
DA:380,1
DA:381,0
DA:385,4
DA:386,4
DA:387,3
DA:388,2
DA:389,1
DA:390,0
DA:393,1
LF:69
LH:41
BRDA:271,0,0,0
BRDA:271,0,1,0
BRDA:281,1,0,0
BRDA:281,1,1,0
BRDA:281,1,2,0
BRDA:281,1,3,0
BRDA:281,1,4,0
BRDA:305,2,0,8
BRDA:305,2,1,2
BRDA:305,2,2,2
BRDA:305,2,3,2
BRDA:305,2,4,2
BRDA:314,3,0,0
BRDA:321,4,0,0
BRDA:324,5,0,4
BRDA:324,5,1,1
BRDA:324,5,2,1
BRDA:324,5,3,1
BRDA:327,6,0,4
BRDA:327,6,1,0
BRDA:332,7,0,1
BRDA:332,7,1,0
BRDA:339,8,0,1
BRDA:339,8,1,0
BRDA:348,9,0,1
BRDA:356,10,0,0
BRDA:361,11,0,0
BRDA:366,12,0,0
BRDA:377,13,0,1
BRDA:378,14,0,1
BRDA:379,15,0,1
BRDA:380,16,0,1
BRDA:386,17,0,1
BRDA:387,18,0,1
BRDA:388,19,0,1
BRDA:389,20,0,1
BRF:36
BRH:21
end_of_record
TN:
SF:lib\research-data.ts
FN:61,getResearchData
FN:66,getResearchProjectsByStatus
FN:71,getResearchProjectBySlug
FN:77,(anonymous_17)
FN:81,getResearchAreas
FN:86,getResearchImpact
FN:91,searchResearchProjects
FN:100,(anonymous_21)
FN:103,(anonymous_22)
FN:109,filterResearchProjectsByArea
FN:110,(anonymous_24)
FN:119,(anonymous_25)
FN:123,getRelatedProjects
FN:131,(anonymous_27)
FN:135,(anonymous_28)
FN:137,(anonymous_29)
FN:141,(anonymous_30)
FN:142,(anonymous_31)
FN:144,(anonymous_32)
FN:150,formatFundingAmount
FN:155,calculateProjectDuration
FN:164,getProjectStatusColor
FNF:22
FNH:0
FNDA:0,getResearchData
FNDA:0,getResearchProjectsByStatus
FNDA:0,getResearchProjectBySlug
FNDA:0,(anonymous_17)
FNDA:0,getResearchAreas
FNDA:0,getResearchImpact
FNDA:0,searchResearchProjects
FNDA:0,(anonymous_21)
FNDA:0,(anonymous_22)
FNDA:0,filterResearchProjectsByArea
FNDA:0,(anonymous_24)
FNDA:0,(anonymous_25)
FNDA:0,getRelatedProjects
FNDA:0,(anonymous_27)
FNDA:0,(anonymous_28)
FNDA:0,(anonymous_29)
FNDA:0,(anonymous_30)
FNDA:0,(anonymous_31)
FNDA:0,(anonymous_32)
FNDA:0,formatFundingAmount
FNDA:0,calculateProjectDuration
FNDA:0,getProjectStatusColor
DA:1,0
DA:4,0
DA:61,0
DA:62,0
DA:66,0
DA:67,0
DA:71,0
DA:72,0
DA:77,0
DA:81,0
DA:82,0
DA:86,0
DA:87,0
DA:91,0
DA:92,0
DA:98,0
DA:100,0
DA:101,0
DA:103,0
DA:109,0
DA:110,0
DA:111,0
DA:113,0
DA:119,0
DA:123,0
DA:124,0
DA:125,0
DA:127,0
DA:131,0
DA:134,0
DA:135,0
DA:138,0
DA:141,0
DA:142,0
DA:144,0
DA:146,0
DA:150,0
DA:151,0
DA:155,0
DA:156,0
DA:157,0
DA:158,0
DA:159,0
DA:160,0
DA:164,0
DA:165,0
DA:167,0
DA:169,0
DA:171,0
DA:173,0
LF:50
LH:0
BRDA:101,0,0,0
BRDA:101,0,1,0
BRDA:101,0,2,0
BRDA:101,0,3,0
BRDA:111,1,0,0
BRDA:123,2,0,0
BRDA:125,3,0,0
BRDA:165,4,0,0
BRDA:165,4,1,0
BRDA:165,4,2,0
BRDA:165,4,3,0
BRF:11
BRH:0
end_of_record
TN:
SF:lib\seo.ts
FN:24,generatePageMetadata
FN:58,(anonymous_8)
FN:113,generatePublicationStructuredData
FN:128,(anonymous_10)
FN:151,generateResearchStructuredData
FN:178,(anonymous_12)
FN:182,(anonymous_13)
FN:195,generateCourseStructuredData
FN:231,generatePersonStructuredData
FN:298,generateBreadcrumbStructuredData
FN:302,(anonymous_17)
FNF:11
FNH:0
FNDA:0,generatePageMetadata
FNDA:0,(anonymous_8)
FNDA:0,generatePublicationStructuredData
FNDA:0,(anonymous_10)
FNDA:0,generateResearchStructuredData
FNDA:0,(anonymous_12)
FNDA:0,(anonymous_13)
FNDA:0,generateCourseStructuredData
FNDA:0,generatePersonStructuredData
FNDA:0,generateBreadcrumbStructuredData
FNDA:0,(anonymous_17)
DA:4,0
DA:24,0
DA:49,0
DA:50,0
DA:51,0
DA:52,0
DA:54,0
DA:58,0
DA:109,0
DA:113,0
DA:124,0
DA:128,0
DA:151,0
DA:161,0
DA:178,0
DA:182,0
DA:195,0
DA:204,0
DA:231,0
DA:232,0
DA:298,0
DA:299,0
DA:302,0
LF:23
LH:0
BRDA:27,0,0,0
BRDA:28,1,0,0
BRDA:29,2,0,0
BRDA:32,3,0,0
BRDA:34,4,0,0
BRDA:49,5,0,0
BRDA:49,5,1,0
BRDA:51,6,0,0
BRDA:51,6,1,0
BRDA:79,7,0,0
BRDA:79,7,1,0
BRDA:92,8,0,0
BRDA:92,8,1,0
BRDA:136,9,0,0
BRDA:136,9,1,0
BRDA:139,10,0,0
BRDA:139,10,1,0
BRF:17
BRH:0
end_of_record
TN:
SF:lib\utils.ts
FN:4,cn
FNF:1
FNH:1
FNDA:6583,cn
DA:1,10
DA:2,10
DA:4,6583
DA:5,6583
LF:4
LH:4
BRF:0
BRH:0
end_of_record
